2024-03-04 19:18:21,131 [INFO] Activator:176 - 


2024-03-04 19:18:21,143 [INFO] Activator:177 - !SESSION log4j initialized
2024-03-04 19:18:28,627 [INFO] LogOutputStream:77 - [STDOUT_REDIRECT] 
2024-03-04 19:18:30,100 [INFO] ApplicationProperties:184 - Using Application install path: C:\ST\STM32CubeIDE_1.14.1\STM32CubeIDE\plugins\com.st.stm32cube.common.mx_6.10.0.202311202037
2024-03-04 19:18:30,132 [INFO] DbMcusXml:78 - Set database path to: C:\ST\STM32CubeIDE_1.14.1\STM32CubeIDE\plugins\com.st.stm32cube.common.mx_6.10.0.202311202037\\db\/mcu/
2024-03-04 19:18:30,132 [INFO] ApiDb:274 - Set plugin database path to: C:\ST\STM32CubeIDE_1.14.1\STM32CubeIDE\plugins\com.st.stm32cube.common.mx_6.10.0.202311202037\\db\/plugins/boardmanager/
2024-03-04 19:18:30,132 [WARN] ApiDb:259 - Overriding images path with different value:  => C:\ST\STM32CubeIDE_1.14.1\STM32CubeIDE\plugins\com.st.stm32cube.common.mx_6.10.0.202311202037\\db\/plugins/mcufinder/images/
2024-03-04 19:18:30,132 [INFO] ApiDb:250 - Set database path to: C:\Users\Soma\.stmcufinder\plugins\mcufinder//mcu/
2024-03-04 19:18:30,147 [INFO] DbMcusAds:125 - Set database path to: C:\Users\Soma\.stmcufinder\plugins\mcufinder//mcu/
2024-03-04 19:18:30,147 [INFO] CrossReferenceDbSqlite:203 - Set database path to: C:\Users\Soma\.stmcufinder\plugins\mcufinder//mcu/cs/
2024-03-04 19:18:30,274 [INFO] RulesReader:64 - Compatibility file has been processed (297 Rules)
2024-03-04 19:18:30,385 [INFO] DbMcusXml:78 - Set database path to: C:\ST\STM32CubeIDE_1.14.1\STM32CubeIDE\plugins\com.st.stm32cube.common.mx_6.10.0.202311202037\\db\/mcu/
2024-03-04 19:18:30,385 [INFO] ApiDb:274 - Set plugin database path to: C:\ST\STM32CubeIDE_1.14.1\STM32CubeIDE\plugins\com.st.stm32cube.common.mx_6.10.0.202311202037\\db\/plugins/boardmanager/
2024-03-04 19:18:30,385 [INFO] ApiDb:261 - Set plugin images path to: C:\ST\STM32CubeIDE_1.14.1\STM32CubeIDE\plugins\com.st.stm32cube.common.mx_6.10.0.202311202037\\db\/plugins/mcufinder/images/
2024-03-04 19:18:30,385 [WARN] DbFile:41 - Overriding database path with different value: C:\Users\Soma\.stmcufinder\plugins\mcufinder/ => C:\Users\Soma\.stmcufinder\plugins\mcufinder
2024-03-04 19:18:30,385 [INFO] ApiDb:250 - Set database path to: C:\Users\Soma\.stmcufinder\plugins\mcufinder//mcu/
2024-03-04 19:18:30,385 [WARN] DbFile:41 - Overriding database path with different value: C:\Users\Soma\.stmcufinder\plugins\mcufinder/ => C:\Users\Soma\.stmcufinder\plugins\mcufinder
2024-03-04 19:18:30,385 [INFO] DbMcusAds:125 - Set database path to: C:\Users\Soma\.stmcufinder\plugins\mcufinder//mcu/
2024-03-04 19:18:30,385 [WARN] DbFile:41 - Overriding database path with different value: C:\Users\Soma\.stmcufinder\plugins\mcufinder/ => C:\Users\Soma\.stmcufinder\plugins\mcufinder
2024-03-04 19:18:30,385 [WARN] DbFile:41 - Overriding database path with different value: C:\Users\Soma\.stmcufinder\plugins\mcufinder/ => C:\Users\Soma\.stmcufinder\plugins\mcufinder
2024-03-04 19:18:30,385 [INFO] CrossReferenceDbSqlite:203 - Set database path to: C:\Users\Soma\.stmcufinder\plugins\mcufinder//mcu/cs/
2024-03-04 19:18:30,480 [INFO] MainPanel:264 - HeapMemory: 268435456
2024-03-04 19:18:30,601 [INFO] DbMcusXml:78 - Set database path to: C:\ST\STM32CubeIDE_1.14.1\STM32CubeIDE\plugins\com.st.stm32cube.common.mx_6.10.0.202311202037\\db\/mcu/
2024-03-04 19:18:30,601 [INFO] ApiDb:274 - Set plugin database path to: C:\ST\STM32CubeIDE_1.14.1\STM32CubeIDE\plugins\com.st.stm32cube.common.mx_6.10.0.202311202037\\db\/plugins/boardmanager/
2024-03-04 19:18:30,601 [INFO] ApiDb:261 - Set plugin images path to: C:\ST\STM32CubeIDE_1.14.1\STM32CubeIDE\plugins\com.st.stm32cube.common.mx_6.10.0.202311202037\\db\/plugins/mcufinder/images/
2024-03-04 19:18:30,601 [WARN] DbFile:41 - Overriding database path with different value: C:\Users\Soma\.stmcufinder\plugins\mcufinder/ => C:\Users\Soma\.stmcufinder\plugins\mcufinder
2024-03-04 19:18:30,601 [INFO] ApiDb:250 - Set database path to: C:\Users\Soma\.stmcufinder\plugins\mcufinder//mcu/
2024-03-04 19:18:30,601 [WARN] DbFile:41 - Overriding database path with different value: C:\Users\Soma\.stmcufinder\plugins\mcufinder/ => C:\Users\Soma\.stmcufinder\plugins\mcufinder
2024-03-04 19:18:30,601 [INFO] DbMcusAds:125 - Set database path to: C:\Users\Soma\.stmcufinder\plugins\mcufinder//mcu/
2024-03-04 19:18:30,601 [WARN] DbFile:41 - Overriding database path with different value: C:\Users\Soma\.stmcufinder\plugins\mcufinder/ => C:\Users\Soma\.stmcufinder\plugins\mcufinder
2024-03-04 19:18:30,601 [WARN] DbFile:41 - Overriding database path with different value: C:\Users\Soma\.stmcufinder\plugins\mcufinder/ => C:\Users\Soma\.stmcufinder\plugins\mcufinder
2024-03-04 19:18:30,601 [INFO] CrossReferenceDbSqlite:203 - Set database path to: C:\Users\Soma\.stmcufinder\plugins\mcufinder//mcu/cs/
2024-03-04 19:18:30,617 [INFO] ApplicationProperties:184 - Using Application install path: C:\ST\STM32CubeIDE_1.14.1\STM32CubeIDE\plugins\com.st.stm32cube.common.mx_6.10.0.202311202037
2024-03-04 19:18:30,617 [INFO] PluginManage:196 - Search for loadable plugins [exclusion list=, ]
2024-03-04 19:18:30,617 [INFO] PluginManage:310 - Check plugin analytics
2024-03-04 19:18:30,908 [INFO] McuFinderGlobals:63 - Set McuFinder mode to 2 (CubeIDE integrated)
2024-03-04 19:18:30,924 [INFO] AnalyticsPlugin:253 - Accepted Software Licenses: 
2024-03-04 19:18:30,924 [INFO] AnalyticsPlugin:255 - Accepted CMSIS Pack Licenses: 
2024-03-04 19:18:30,924 [INFO] AnalyticsPlugin:257 - Accepted Firmware Licenses: FW.F7.1.17.0,FW.H7.1.11.0
2024-03-04 19:18:30,924 [INFO] PluginManage:359 - Loaded plugin analytics (category:tool,tabindex:-1)
2024-03-04 19:18:30,924 [INFO] PluginManage:310 - Check plugin cadmodel
2024-03-04 19:18:30,941 [INFO] CADModel:105 - Init CAD model plugin
2024-03-04 19:18:30,941 [INFO] PluginManage:359 - Loaded plugin cadmodel (category:power,tabindex:5)
2024-03-04 19:18:30,941 [INFO] PluginManage:310 - Check plugin clock
2024-03-04 19:18:30,956 [INFO] PluginManage:359 - Loaded plugin clock (category:base,tabindex:2)
2024-03-04 19:18:30,956 [INFO] PluginManage:310 - Check plugin ddr
2024-03-04 19:18:30,956 [INFO] PluginManage:359 - Loaded plugin ddr (category:tool,tabindex:6)
2024-03-04 19:18:30,956 [INFO] PluginManage:310 - Check plugin filemanager
2024-03-04 19:18:31,173 [INFO] PluginManage:359 - Loaded plugin filemanager (category:base,tabindex:10)
2024-03-04 19:18:31,173 [INFO] PluginManage:310 - Check plugin ipmanager
2024-03-04 19:18:31,189 [INFO] PluginManage:359 - Loaded plugin ipmanager (category:base,tabindex:5)
2024-03-04 19:18:31,189 [INFO] PluginManage:310 - Check plugin lpbam
2024-03-04 19:18:31,213 [INFO] PluginManage:359 - Loaded plugin lpbam (category:base,tabindex:0)
2024-03-04 19:18:31,213 [INFO] PluginManage:310 - Check plugin memorymap
2024-03-04 19:18:31,238 [INFO] PluginManage:359 - Loaded plugin memorymap (category:base,tabindex:4)
2024-03-04 19:18:31,238 [INFO] PluginManage:310 - Check plugin pinoutandconfiguration
2024-03-04 19:18:31,251 [INFO] PluginManage:359 - Loaded plugin pinoutandconfiguration (category:base,tabindex:1)
2024-03-04 19:18:31,251 [INFO] PluginManage:310 - Check plugin pinoutconfig
2024-03-04 19:18:31,396 [WARN] SupportedApi:132 - Cannot load RTOS API schema: s4s-elt-must-match.1: The content of 'definitions' must match (annotation?, (simpleType | complexType)?, (unique | key | keyref)*)). A problem was found starting at: attribute.
2024-03-04 19:18:31,553 [INFO] PluginManage:359 - Loaded plugin pinoutconfig (category:base,tabindex:0)
2024-03-04 19:18:31,553 [INFO] PluginManage:310 - Check plugin power
2024-03-04 19:18:31,577 [INFO] PluginManage:359 - Loaded plugin power (category:power,tabindex:4)
2024-03-04 19:18:31,578 [INFO] PluginManage:310 - Check plugin projectmanager
2024-03-04 19:18:31,603 [INFO] PluginManage:359 - Loaded plugin projectmanager (category:projectmanager,tabindex:3)
2024-03-04 19:18:31,603 [INFO] PluginManage:310 - Check plugin thirdparty
2024-03-04 19:18:31,798 [INFO] PluginManage:359 - Loaded plugin thirdparty (category:base,tabindex:-1)
2024-03-04 19:18:31,798 [WARN] IntegrityCheckThread:84 - waiting for thirdparty lock release [integrity check]
2024-03-04 19:18:31,798 [INFO] PluginManage:310 - Check plugin tools
2024-03-04 19:18:31,798 [INFO] IntegrityCheckThread:86 - entering critical section [integrity check]
2024-03-04 19:18:31,799 [INFO] ThirdPartyUpdaterWithRetryManager:70 - Updater plugin not ready yet. [1/15]
2024-03-04 19:18:31,802 [INFO] PluginManage:359 - Loaded plugin tools (category:base,tabindex:7)
2024-03-04 19:18:31,802 [INFO] PluginManage:310 - Check plugin tutovideos
2024-03-04 19:18:32,017 [INFO] PluginManage:359 - Loaded plugin tutovideos (category:base,tabindex:-1)
2024-03-04 19:18:32,017 [INFO] PluginManage:310 - Check plugin updater
2024-03-04 19:18:32,036 [INFO] PluginManage:359 - Loaded plugin updater (category:base,tabindex:12)
2024-03-04 19:18:32,036 [INFO] PluginManage:310 - Check plugin userauth
2024-03-04 19:18:32,043 [INFO] UserAuth:114 - Init User Auth plugin
2024-03-04 19:18:32,044 [INFO] PluginManage:359 - Loaded plugin userauth (category:base,tabindex:14)
2024-03-04 19:18:32,044 [INFO] PluginManage:283 - PluginManage : Loaded plugins [17]
2024-03-04 19:18:32,306 [INFO] PinOutPanel:1499 - setPackage(No Configuration,No Configuration)
2024-03-04 19:18:32,402 [INFO] CADModel:165 - CPN selected for project level
2024-03-04 19:18:32,402 [INFO] CADModel:114 - Register for checkConnection events
2024-03-04 19:18:32,424 [INFO] IPUIPlugin:80 - create IPUIPlugin
2024-03-04 19:18:32,424 [INFO] PluginManager:220 - loadIPPluginJar : add adc
2024-03-04 19:18:32,427 [INFO] IPUIPlugin:80 - create IPUIPlugin
2024-03-04 19:18:32,427 [INFO] PluginManager:220 - loadIPPluginJar : add aes
2024-03-04 19:18:32,431 [INFO] IPUIPlugin:80 - create IPUIPlugin
2024-03-04 19:18:32,431 [INFO] PluginManager:220 - loadIPPluginJar : add can
2024-03-04 19:18:32,435 [INFO] IPUIPlugin:80 - create IPUIPlugin
2024-03-04 19:18:32,435 [INFO] PluginManager:220 - loadIPPluginJar : add comp
2024-03-04 19:18:32,438 [INFO] IPUIPlugin:80 - create IPUIPlugin
2024-03-04 19:18:32,438 [INFO] PluginManager:220 - loadIPPluginJar : add cryp
2024-03-04 19:18:32,441 [INFO] IPUIPlugin:80 - create IPUIPlugin
2024-03-04 19:18:32,441 [INFO] PluginManager:220 - loadIPPluginJar : add dfsdm
2024-03-04 19:18:32,448 [INFO] IPUIPlugin:80 - create IPUIPlugin
2024-03-04 19:18:32,448 [INFO] PluginManager:220 - loadIPPluginJar : add dma
2024-03-04 19:18:32,451 [INFO] IPUIPlugin:80 - create IPUIPlugin
2024-03-04 19:18:32,451 [INFO] PluginManager:220 - loadIPPluginJar : add dma3
2024-03-04 19:18:32,454 [INFO] IPUIPlugin:80 - create IPUIPlugin
2024-03-04 19:18:32,454 [INFO] PluginManager:220 - loadIPPluginJar : add fatfs
2024-03-04 19:18:32,458 [INFO] IPUIPlugin:80 - create IPUIPlugin
2024-03-04 19:18:32,458 [INFO] PluginManager:220 - loadIPPluginJar : add fmc
2024-03-04 19:18:32,465 [INFO] IPUIPlugin:80 - create IPUIPlugin
2024-03-04 19:18:32,465 [INFO] PluginManager:220 - loadIPPluginJar : add freertos
2024-03-04 19:18:32,468 [INFO] IPUIPlugin:80 - create IPUIPlugin
2024-03-04 19:18:32,468 [INFO] PluginManager:220 - loadIPPluginJar : add genericplugin
2024-03-04 19:18:32,470 [INFO] IPUIPlugin:80 - create IPUIPlugin
2024-03-04 19:18:32,471 [INFO] PluginManager:220 - loadIPPluginJar : add gfxmmu
2024-03-04 19:18:32,476 [INFO] IPUIPlugin:80 - create IPUIPlugin
2024-03-04 19:18:32,476 [INFO] PluginManager:220 - loadIPPluginJar : add gic
2024-03-04 19:18:32,482 [INFO] IPUIPlugin:80 - create IPUIPlugin
2024-03-04 19:18:32,482 [INFO] PluginManager:220 - loadIPPluginJar : add gpio
2024-03-04 19:18:32,486 [INFO] IPUIPlugin:80 - create IPUIPlugin
2024-03-04 19:18:32,486 [INFO] PluginManager:220 - loadIPPluginJar : add gtzc
2024-03-04 19:18:32,488 [INFO] IPUIPlugin:80 - create IPUIPlugin
2024-03-04 19:18:32,489 [INFO] PluginManager:220 - loadIPPluginJar : add hash
2024-03-04 19:18:32,492 [INFO] IPUIPlugin:80 - create IPUIPlugin
2024-03-04 19:18:32,492 [INFO] PluginManager:220 - loadIPPluginJar : add i2c
2024-03-04 19:18:32,496 [INFO] IPUIPlugin:80 - create IPUIPlugin
2024-03-04 19:18:32,496 [INFO] PluginManager:220 - loadIPPluginJar : add i2s
2024-03-04 19:18:32,499 [INFO] IPUIPlugin:80 - create IPUIPlugin
2024-03-04 19:18:32,499 [INFO] PluginManager:220 - loadIPPluginJar : add i3c
2024-03-04 19:18:32,503 [INFO] IPUIPlugin:80 - create IPUIPlugin
2024-03-04 19:18:32,503 [INFO] PluginManager:220 - loadIPPluginJar : add ipddr
2024-03-04 19:18:32,509 [INFO] IPUIPlugin:80 - create IPUIPlugin
2024-03-04 19:18:32,511 [INFO] PluginManager:220 - loadIPPluginJar : add linkedlist
2024-03-04 19:18:32,515 [INFO] IPUIPlugin:80 - create IPUIPlugin
2024-03-04 19:18:32,515 [INFO] PluginManager:220 - loadIPPluginJar : add lorawan
2024-03-04 19:18:32,518 [INFO] IPUIPlugin:80 - create IPUIPlugin
2024-03-04 19:18:32,518 [INFO] PluginManager:220 - loadIPPluginJar : add ltdc
2024-03-04 19:18:32,527 [INFO] IPUIPlugin:80 - create IPUIPlugin
2024-03-04 19:18:32,527 [INFO] PluginManager:220 - loadIPPluginJar : add mdma
2024-03-04 19:18:32,532 [INFO] IPUIPlugin:80 - create IPUIPlugin
2024-03-04 19:18:32,532 [INFO] PluginManager:220 - loadIPPluginJar : add nvic
2024-03-04 19:18:32,536 [INFO] IPUIPlugin:80 - create IPUIPlugin
2024-03-04 19:18:32,537 [INFO] PluginManager:220 - loadIPPluginJar : add opamp
2024-03-04 19:18:32,539 [INFO] IPUIPlugin:80 - create IPUIPlugin
2024-03-04 19:18:32,539 [INFO] PluginManager:220 - loadIPPluginJar : add openamp
2024-03-04 19:18:32,545 [INFO] IPUIPlugin:80 - create IPUIPlugin
2024-03-04 19:18:32,545 [INFO] PluginManager:220 - loadIPPluginJar : add pdm2pcm
2024-03-04 19:18:32,553 [INFO] IPUIPlugin:80 - create IPUIPlugin
2024-03-04 19:18:32,555 [INFO] PluginManager:220 - loadIPPluginJar : add plateformsettings
2024-03-04 19:18:32,558 [INFO] IPUIPlugin:80 - create IPUIPlugin
2024-03-04 19:18:32,558 [INFO] PluginManager:220 - loadIPPluginJar : add quadspi
2024-03-04 19:18:32,564 [INFO] IPUIPlugin:80 - create IPUIPlugin
2024-03-04 19:18:32,564 [INFO] PluginManager:220 - loadIPPluginJar : add resmgrutility
2024-03-04 19:18:32,568 [INFO] IPUIPlugin:80 - create IPUIPlugin
2024-03-04 19:18:32,568 [INFO] PluginManager:220 - loadIPPluginJar : add sai
2024-03-04 19:18:32,571 [INFO] IPUIPlugin:80 - create IPUIPlugin
2024-03-04 19:18:32,572 [INFO] PluginManager:220 - loadIPPluginJar : add spi
2024-03-04 19:18:32,577 [INFO] IPUIPlugin:80 - create IPUIPlugin
2024-03-04 19:18:32,578 [INFO] PluginManager:220 - loadIPPluginJar : add stm32_wpan
2024-03-04 19:18:32,580 [INFO] IPUIPlugin:80 - create IPUIPlugin
2024-03-04 19:18:32,580 [INFO] PluginManager:220 - loadIPPluginJar : add tim
2024-03-04 19:18:32,586 [INFO] IPUIPlugin:80 - create IPUIPlugin
2024-03-04 19:18:32,586 [INFO] PluginManager:220 - loadIPPluginJar : add touchsensing
2024-03-04 19:18:32,588 [INFO] IPUIPlugin:80 - create IPUIPlugin
2024-03-04 19:18:32,589 [INFO] PluginManager:220 - loadIPPluginJar : add tracer_emb
2024-03-04 19:18:32,591 [INFO] IPUIPlugin:80 - create IPUIPlugin
2024-03-04 19:18:32,591 [INFO] PluginManager:220 - loadIPPluginJar : add ts
2024-03-04 19:18:32,593 [INFO] IPUIPlugin:80 - create IPUIPlugin
2024-03-04 19:18:32,593 [INFO] PluginManager:220 - loadIPPluginJar : add tsc
2024-03-04 19:18:32,596 [INFO] IPUIPlugin:80 - create IPUIPlugin
2024-03-04 19:18:32,597 [INFO] PluginManager:220 - loadIPPluginJar : add ucpd
2024-03-04 19:18:32,601 [INFO] IPUIPlugin:80 - create IPUIPlugin
2024-03-04 19:18:32,602 [INFO] PluginManager:220 - loadIPPluginJar : add usart
2024-03-04 19:18:32,605 [INFO] IPUIPlugin:80 - create IPUIPlugin
2024-03-04 19:18:32,606 [INFO] PluginManager:220 - loadIPPluginJar : add usbx
2024-03-04 19:18:32,753 [INFO] CADModel:165 - CPN selected for project level
2024-03-04 19:18:32,753 [INFO] CADModel:114 - Register for checkConnection events
2024-03-04 19:18:32,753 [FATAL] Updater:308 - Updater called before beeing initialized
2024-03-04 19:18:32,753 [ERROR] CADModel:125 - Updater not yet initialized, retry later 
2024-03-04 19:18:32,947 [INFO] CADModel:165 - CPN selected for project level
2024-03-04 19:18:32,947 [INFO] CADModel:114 - Register for checkConnection events
2024-03-04 19:18:32,947 [FATAL] Updater:308 - Updater called before beeing initialized
2024-03-04 19:18:32,947 [ERROR] CADModel:125 - Updater not yet initialized, retry later 
2024-03-04 19:18:32,952 [FATAL] Updater:308 - Updater called before beeing initialized
2024-03-04 19:18:33,095 [FATAL] Updater:308 - Updater called before beeing initialized
2024-03-04 19:18:33,109 [INFO] DbMcusAds:53 - JSON generation date=Wed Nov 29 11:52:27 CET 2023 (1701255147349)
2024-03-04 19:18:33,109 [FATAL] Updater:308 - Updater called before beeing initialized
2024-03-04 19:18:33,167 [WARN] DetailPanel:346 - Failed to get advertising image, set to default
2024-03-04 19:18:33,284 [FATAL] Updater:308 - Updater called before beeing initialized
2024-03-04 19:18:33,287 [FATAL] Updater:308 - Updater called before beeing initialized
2024-03-04 19:18:33,287 [FATAL] Updater:308 - Updater called before beeing initialized
2024-03-04 19:18:33,287 [WARN] DetailPanel:346 - Failed to get advertising image, set to default
2024-03-04 19:18:33,288 [FATAL] Updater:308 - Updater called before beeing initialized
2024-03-04 19:18:33,381 [ERROR] Updater:1120 - MainUpdater not yet initialized. External WinMGr cannot be set.
2024-03-04 19:18:33,384 [INFO] Updater:1056 - Updater Version found : 6.10.0
2024-03-04 19:18:33,414 [INFO] ApplicationProperties:184 - Using Application install path: C:\ST\STM32CubeIDE_1.14.1\STM32CubeIDE\plugins\com.st.stm32cube.common.mx_6.10.0.202311202037
2024-03-04 19:18:34,801 [INFO] ThirdPartyUpdaterWithRetryManager:70 - Updater plugin not ready yet. [2/15]
2024-03-04 19:18:34,997 [ERROR] LogOutputStream:75 - [STDERR_REDIRECT] Mar 04, 2024 7:18:34 PM java.util.prefs.WindowsPreferences <init>
2024-03-04 19:18:34,999 [ERROR] LogOutputStream:75 - [STDERR_REDIRECT] WARNING: Could not open/create prefs root node Software\JavaSoft\Prefs at root 0xffffffff80000002. Windows RegCreateKeyEx(...) returned error code 5.
2024-03-04 19:18:34,999 [ERROR] LogOutputStream:75 - [STDERR_REDIRECT] 
2024-03-04 19:18:35,366 [INFO] MainUpdater:2873 - connection check result : 10
2024-03-04 19:18:35,367 [INFO] MainUpdater:3567 - Updater definition file requires update
2024-03-04 19:18:35,368 [INFO] MainUpdater:290 - Updater Check For Update Now.
2024-03-04 19:18:35,368 [INFO] MicroXplorer:498 - Change Database Version : DB.6.0.100
2024-03-04 19:18:35,373 [INFO] McuFinderGlobals:63 - Set McuFinder mode to 2 (CubeIDE integrated)
2024-03-04 19:18:35,386 [INFO] ServerAccessManage:473 - Download File updaters.zip
2024-03-04 19:18:35,455 [INFO] FileExtend:240 - Unzip File : updaters.zip
2024-03-04 19:18:35,455 [INFO] FileExtend:255 - Standard Zip Deflate
2024-03-04 19:18:35,680 [INFO] UserAuth:404 - Internet connection configuration mode: 1
2024-03-04 19:18:35,703 [INFO] JxBrowserEngine:152 - Initiate JxBrowser Engine with user profile folder
2024-03-04 19:18:35,821 [INFO] ServerAccessManage:473 - Download File PacksControlFlags.xml
2024-03-04 19:18:35,870 [INFO] ServerAccessManage:473 - Download File cubemx.pidx
2024-03-04 19:18:36,870 [INFO] ServerAccessManage:473 - Download File STMicroelectronics.X-CUBE-TOF1.pdsc
2024-03-04 19:18:37,058 [INFO] WebApp:161 - Instantiating new browser for Auth
2024-03-04 19:18:37,206 [ERROR] ServerAccessManage:1089 - Problem, file not found on Server
2024-03-04 19:18:37,802 [WARN] MainUpdater:1194 - Updater busy. Cannot search thirdparties
2024-03-04 19:18:37,802 [INFO] ThirdPartyUpdaterWithRetryManager:96 - Updater plugin is busy. [1/15]
2024-03-04 19:18:37,898 [INFO] WebApp:780 - Register for checkConnection events
2024-03-04 19:18:37,899 [INFO] WebApp:414 - Apply proxy settings
2024-03-04 19:18:37,899 [INFO] WebApp:499 - Chromium requires no authentication
2024-03-04 19:18:37,901 [ERROR] ServerAccessManage:1096 - Problem, Http access forbiden
2024-03-04 19:18:37,902 [ERROR] ServerAccessManage:651 - Problem, Http access forbiden : RoweBots.I-CUBE-UNISONRTOS.pdsc.
2024-03-04 19:18:37,910 [INFO] WebApp:442 - Direct internet connection detected
2024-03-04 19:18:38,087 [WARN] PackLoader:240 - Cannot read IP mode file for STMicroelectronics.X-CUBE-TOF1.3.4.1
2024-03-04 19:18:38,108 [INFO] PopulateThirdPartyThread:66 - Ending populate Thread
2024-03-04 19:18:38,109 [INFO] ThirdParty:1030 - CMSIS Pack Vendor :STMicroelectronics X-CUBE-TOF1 3.4.1
2024-03-04 19:18:38,109 [INFO] LoadServerUpdatesThread:375 - End of LoadServerUpdate Thread
2024-03-04 19:18:38,202 [INFO] WebApp:192 - Starting web application
2024-03-04 19:18:38,203 [INFO] WebApp:544 - Web application path used C:\ST\STM32CubeIDE_1.14.1\STM32CubeIDE\plugins\com.st.stm32cube.common.mx_6.10.0.202311202037\db\plugins\mcufinder\reactClient1\index.html
2024-03-04 19:18:38,203 [INFO] CheckServerUpdateThread:120 - End of CheckServer Thread
2024-03-04 19:18:38,388 [INFO] MainUpdater:2873 - connection check result : 10
2024-03-04 19:18:38,414 [INFO] MainUpdater:2873 - connection check result : 10
2024-03-04 19:18:38,513 [INFO] MicroXplorer:468 - Change Database Path : 
2024-03-04 19:18:38,513 [INFO] MicroXplorer:498 - Change Database Version : DB.6.0.100
2024-03-04 19:18:38,519 [WARN] ThirdParty:871 - waiting for thirdparty lock release [close project]
2024-03-04 19:18:41,020 [WARN] PackLoader:240 - Cannot read IP mode file for STMicroelectronics.X-CUBE-SMBUS.2.1.0
2024-03-04 19:18:41,026 [WARN] PackLoader:240 - Cannot read IP mode file for STMicroelectronics.X-CUBE-TOUCHGFX.4.23.0
2024-03-04 19:18:41,051 [WARN] PackLoader:240 - Cannot read IP mode file for STMicroelectronics.X-CUBE-AZRTOS-F7.1.1.0
2024-03-04 19:18:41,062 [WARN] PackLoader:240 - Cannot read IP mode file for STMicroelectronics.FP-SNS-MOTENV1.4.3.2
2024-03-04 19:18:41,072 [WARN] PackLoader:240 - Cannot read IP mode file for STMicroelectronics.X-CUBE-BLE1.6.2.4
2024-03-04 19:18:41,079 [WARN] PackLoader:240 - Cannot read IP mode file for STMicroelectronics.FP-SNS-FLIGHT1.5.0.2
2024-03-04 19:18:41,088 [WARN] PackLoader:240 - Cannot read IP mode file for STMicroelectronics.X-CUBE-DISPLAY.3.0.0
2024-03-04 19:18:41,099 [WARN] PackLoader:240 - Cannot read IP mode file for STMicroelectronics.X-CUBE-BLE1.7.0.0
2024-03-04 19:18:41,106 [WARN] PackLoader:240 - Cannot read IP mode file for emotas.I-CUBE-CANOPEN.1.3.0
2024-03-04 19:18:41,110 [WARN] PackLoader:240 - Cannot read IP mode file for STMicroelectronics.X-CUBE-TOUCHGFX.4.22.0
2024-03-04 19:18:41,121 [WARN] PackLoader:240 - Cannot read IP mode file for STMicroelectronics.X-CUBE-BLEMGR.3.1.0
2024-03-04 19:18:41,132 [WARN] PackLoader:240 - Cannot read IP mode file for STMicroelectronics.FP-SNS-SMARTAG2.1.2.0
2024-03-04 19:18:41,150 [INFO] LogOutputStream:77 - [STDOUT_REDIRECT] 1 : Invalid condition id : UX_CORESTACK_Condition cause : null
2024-03-04 19:18:41,153 [INFO] LogOutputStream:77 - [STDOUT_REDIRECT] 1 : Invalid condition id : UX_CORESTACK_Condition cause : null
2024-03-04 19:18:41,155 [INFO] LogOutputStream:77 - [STDOUT_REDIRECT] 1 : Invalid condition id : UX_CORESTACK_Condition cause : null
2024-03-04 19:18:41,156 [INFO] LogOutputStream:77 - [STDOUT_REDIRECT] 1 : Invalid condition id : UX_CORESTACK_Condition cause : null
2024-03-04 19:18:41,158 [INFO] LogOutputStream:77 - [STDOUT_REDIRECT] 1 : Invalid condition id : UX_CORESTACK_Condition cause : null
2024-03-04 19:18:41,163 [WARN] PackLoader:240 - Cannot read IP mode file for STMicroelectronics.X-CUBE-AZRTOS-WL.2.0.0
2024-03-04 19:18:41,173 [WARN] PackLoader:240 - Cannot read IP mode file for WES.I-CUBE-Cesium.1.3.0
2024-03-04 19:18:41,179 [WARN] PackLoader:240 - Cannot read IP mode file for STMicroelectronics.X-CUBE-BLE2.3.3.0
2024-03-04 19:18:41,189 [WARN] PackLoader:240 - Cannot read IP mode file for STMicroelectronics.X-CUBE-ALGOBUILD.1.3.0
2024-03-04 19:18:41,222 [WARN] PackLoader:240 - Cannot read IP mode file for STMicroelectronics.X-CUBE-AZRTOS-G0.1.1.0
2024-03-04 19:18:41,237 [WARN] PackLoader:240 - Cannot read IP mode file for STMicroelectronics.X-CUBE-NFC4.3.0.0
2024-03-04 19:18:41,255 [WARN] PackLoader:240 - Cannot read IP mode file for STMicroelectronics.X-CUBE-BLEMGR.3.0.0
2024-03-04 19:18:41,267 [WARN] PackLoader:240 - Cannot read IP mode file for STMicroelectronics.FP-ATR-SIGFOX1.3.2.0
2024-03-04 19:18:41,279 [WARN] PackLoader:240 - Cannot read IP mode file for STMicroelectronics.X-CUBE-EEPRMA1.5.1.0
2024-03-04 19:18:41,340 [WARN] PackLoader:240 - Cannot read IP mode file for SEGGER.I-CUBE-embOS.1.3.1
2024-03-04 19:18:41,417 [WARN] PackLoader:240 - Cannot read IP mode file for STMicroelectronics.X-CUBE-GNSS1.6.0.0
2024-03-04 19:18:41,444 [WARN] PackLoader:240 - Cannot read IP mode file for STMicroelectronics.X-CUBE-AZRTOS-F4.1.1.0
2024-03-04 19:18:41,457 [WARN] PackLoader:240 - Cannot read IP mode file for wolfSSL.I-CUBE-wolfSSL.5.6.3
2024-03-04 19:18:41,489 [WARN] PackLoader:240 - Cannot read IP mode file for STMicroelectronics.X-CUBE-AZRTOS-L5.2.0.0
2024-03-04 19:18:41,560 [WARN] PackLoader:240 - Cannot read IP mode file for STMicroelectronics.X-CUBE-MEMS1.9.6.0
2024-03-04 19:18:41,789 [WARN] PackLoader:240 - Cannot read IP mode file for ITTIA_DB.I-CUBE-ITTIADB.8.8.0
2024-03-04 19:18:41,796 [WARN] PackLoader:240 - Cannot read IP mode file for STMicroelectronics.X-CUBE-BLEMGR.2.0.0
2024-03-04 19:18:41,814 [WARN] ConditionMgr:438 - getConditionDescription Invalid condition id : UX DEVICE CLASS RTOS Condition cause : null
2024-03-04 19:18:41,814 [WARN] ConditionMgr:438 - getConditionDescription Invalid condition id : UX DEVICE CLASS RTOS Condition cause : null
2024-03-04 19:18:41,817 [WARN] PackLoader:240 - Cannot read IP mode file for STMicroelectronics.X-CUBE-AZRTOS-H7.3.1.0
2024-03-04 19:18:41,818 [WARN] ConditionMgr:1039 - genDependencies : Invalid condition id : UX DEVICE CLASS RTOS Condition cause : null
2024-03-04 19:18:41,818 [WARN] ConditionMgr:1039 - genDependencies : Invalid condition id : UX DEVICE CLASS RTOS Condition cause : null
2024-03-04 19:18:41,819 [WARN] ConditionMgr:1039 - genDependencies : Invalid condition id : UX DEVICE CLASS RTOS Condition cause : null
2024-03-04 19:18:41,819 [WARN] ConditionMgr:1039 - genDependencies : Invalid condition id : UX DEVICE CLASS RTOS Condition cause : null
2024-03-04 19:18:41,819 [WARN] ConditionMgr:1039 - genDependencies : Invalid condition id : UX DEVICE CLASS RTOS Condition cause : null
2024-03-04 19:18:41,826 [WARN] PackLoader:240 - Cannot read IP mode file for STMicroelectronics.X-CUBE-NFC7.1.0.1
2024-03-04 19:18:41,834 [WARN] PackLoader:240 - Cannot read IP mode file for STMicroelectronics.X-CUBE-NFC6.3.0.0
2024-03-04 19:18:41,841 [WARN] PackLoader:240 - Cannot read IP mode file for STMicroelectronics.X-CUBE-EEPRMA1.4.1.0
2024-03-04 19:18:41,846 [WARN] PackLoader:240 - Cannot read IP mode file for STMicroelectronics.X-CUBE-AI.8.1.0
2024-03-04 19:18:41,868 [WARN] ConditionMgr:438 - getConditionDescription Invalid condition id : LAN8742 Phy interface Condition cause : null
2024-03-04 19:18:41,869 [WARN] PackLoader:240 - Cannot read IP mode file for STMicroelectronics.X-CUBE-AZRTOS-L4.2.0.0
2024-03-04 19:18:41,870 [WARN] ConditionMgr:1039 - genDependencies : Invalid condition id : LAN8742 Phy interface Condition cause : null
2024-03-04 19:18:41,870 [WARN] ConditionMgr:1039 - genDependencies : Invalid condition id : LAN8742 Phy interface Condition cause : null
2024-03-04 19:18:41,871 [WARN] ConditionMgr:1039 - genDependencies : Invalid condition id : LAN8742 Phy interface Condition cause : null
2024-03-04 19:18:41,881 [WARN] PackLoader:240 - Cannot read IP mode file for STMicroelectronics.X-CUBE-SFXS2LP1.4.0.0
2024-03-04 19:18:41,886 [WARN] PackLoader:240 - Cannot read IP mode file for STMicroelectronics.X-CUBE-ISPU.1.1.0
2024-03-04 19:18:41,900 [WARN] ConditionMgr:438 - getConditionDescription Invalid condition id : UX DEVICE CLASS RTOS Condition cause : null
2024-03-04 19:18:41,900 [WARN] ConditionMgr:438 - getConditionDescription Invalid condition id : UX DEVICE CLASS RTOS Condition cause : null
2024-03-04 19:18:41,902 [WARN] PackLoader:240 - Cannot read IP mode file for STMicroelectronics.X-CUBE-AZRTOS-WB.2.0.0
2024-03-04 19:18:41,903 [WARN] ConditionMgr:1039 - genDependencies : Invalid condition id : UX DEVICE CLASS RTOS Condition cause : null
2024-03-04 19:18:41,903 [WARN] ConditionMgr:1039 - genDependencies : Invalid condition id : UX DEVICE CLASS RTOS Condition cause : null
2024-03-04 19:18:41,903 [WARN] ConditionMgr:1039 - genDependencies : Invalid condition id : UX DEVICE CLASS RTOS Condition cause : null
2024-03-04 19:18:41,903 [WARN] ConditionMgr:1039 - genDependencies : Invalid condition id : UX DEVICE CLASS RTOS Condition cause : null
2024-03-04 19:18:41,903 [WARN] ConditionMgr:1039 - genDependencies : Invalid condition id : UX DEVICE CLASS RTOS Condition cause : null
2024-03-04 19:18:41,909 [WARN] PackLoader:240 - Cannot read IP mode file for STMicroelectronics.X-CUBE-FREERTOS.1.0.1
2024-03-04 19:18:41,921 [WARN] PackLoader:240 - Cannot read IP mode file for STMicroelectronics.X-CUBE-AZRTOS-L5.1.1.0
2024-03-04 19:18:41,929 [WARN] PackLoader:240 - Cannot read IP mode file for STMicroelectronics.X-CUBE-AI.8.0.1
2024-03-04 19:18:41,938 [WARN] PackLoader:240 - Cannot read IP mode file for STMicroelectronics.X-CUBE-SUBG2.5.0.0
2024-03-04 19:18:41,956 [WARN] PackLoader:240 - Cannot read IP mode file for STMicroelectronics.X-CUBE-TOF1.3.3.1
2024-03-04 19:18:41,979 [WARN] PackLoader:240 - Cannot read IP mode file for STMicroelectronics.X-CUBE-AZRTOS-G4.2.0.0
2024-03-04 19:18:41,995 [WARN] PackLoader:240 - Cannot read IP mode file for Infineon.AIROC-Wi-Fi-Bluetooth-STM32.1.5.1
2024-03-04 19:18:42,004 [WARN] PackLoader:240 - Cannot read IP mode file for STMicroelectronics.FP-SNS-MOTENVWB1.1.3.1
2024-03-04 19:18:42,009 [WARN] PackLoader:240 - Cannot read IP mode file for STMicroelectronics.X-CUBE-ISPU.2.0.0
2024-03-04 19:18:42,091 [WARN] PackLoader:240 - Cannot read IP mode file for STMicroelectronics.X-CUBE-MEMS1.10.0.0
2024-03-04 19:18:42,220 [WARN] PackLoader:240 - Cannot read IP mode file for STMicroelectronics.X-CUBE-FREERTOS.1.1.0
2024-03-04 19:18:42,227 [WARN] PackLoader:240 - Cannot read IP mode file for portGmbH.I-Cube-SoM-uGOAL.1.1.0
2024-03-04 19:18:42,231 [WARN] PackLoader:240 - Cannot read IP mode file for STMicroelectronics.X-CUBE-ALS.1.0.1
2024-03-04 19:18:42,244 [WARN] PackLoader:240 - Cannot read IP mode file for STMicroelectronics.X-CUBE-AZRTOS-WB.1.1.0
2024-03-04 19:18:42,251 [WARN] PackLoader:240 - Cannot read IP mode file for STMicroelectronics.FP-ATR-ASTRA1.2.0.0
2024-03-04 19:18:42,262 [WARN] PackLoader:240 - Cannot read IP mode file for STMicroelectronics.X-CUBE-TOF1.3.4.0
2024-03-04 19:18:42,281 [WARN] PackLoader:240 - Cannot read IP mode file for STMicroelectronics.X-CUBE-TOF1.3.4.1
2024-03-04 19:18:42,308 [WARN] PackLoader:240 - Cannot read IP mode file for STMicroelectronics.X-CUBE-AZRTOS-H7.3.2.0
2024-03-04 19:18:42,312 [INFO] ThirdParty:978 - Integrity check success = true
2024-03-04 19:18:42,312 [INFO] IntegrityCheckThread:100 - exiting critical section [integrity check]
2024-03-04 19:18:42,312 [INFO] IntegrityCheckThread:103 - End integrity checks thread
2024-03-04 19:18:42,312 [INFO] ThirdParty:873 - entering critical section [close project]
2024-03-04 19:18:42,314 [INFO] ThirdParty:883 - exiting critical section [close project]
2024-03-04 19:18:42,325 [INFO] PinOutPanel:1499 - setPackage(No Configuration,No Configuration)
2024-03-04 19:18:42,337 [INFO] UtilMem:75 - Begin LoadConfig() Used Memory: 244576752 Bytes (489684992)
2024-03-04 19:18:42,340 [INFO] MicroXplorer:468 - Change Database Path : 
2024-03-04 19:18:42,340 [INFO] MicroXplorer:498 - Change Database Version : DB.6.0.100
2024-03-04 19:18:42,341 [INFO] OpenFileManager:312 - Change cursor
2024-03-04 19:18:42,389 [INFO] Mcu:2016 - Initializing MCU STM32H7A3Z(G-I)TxQ STM32H7A3ZITxQ STM32H7A3ZIT6Q
2024-03-04 19:18:46,644 [INFO] Context:659 - Trying to add GPIOservice into a context  which must be forbidden
2024-03-04 19:18:48,305 [INFO] RtosManager:555 - Registered RTOS mode: class=CMSIS, group=RTOS, mode=CMSIS_V1, owner=FREERTOS
2024-03-04 19:18:48,305 [INFO] RtosManager:555 - Registered RTOS mode: class=CMSIS, group=RTOS2, mode=CMSIS_V2, owner=FREERTOS
2024-03-04 19:18:48,306 [INFO] RtosManager:555 - Registered RTOS mode: class=RTOS, group=Core, mode=CMSIS_V1, owner=FREERTOS
2024-03-04 19:18:48,306 [INFO] RtosManager:555 - Registered RTOS mode: class=RTOS, group=Core, mode=CMSIS_V2, owner=FREERTOS
2024-03-04 19:18:48,306 [WARN] ModelIntegratedComponent:184 - Missing modes for component STMicroelectronics:FreeRTOS:0.0.1:STMicroelectronics:RTOS:FreeRTOS:Core:::10.2.0:
2024-03-04 19:18:48,312 [WARN] ModelIntegratedComponent:182 - Modes not found for component STMicroelectronics:USB_HOST:1.0.0:STMicroelectronics:USB::USB Host:Audio FS::1.0:USB_HOST_1_0_RESTRICTED_FS
2024-03-04 19:18:48,312 [WARN] ModelIntegratedComponent:188 - Modes not found for component STMicroelectronics:USB_HOST:1.0.0:STMicroelectronics:USB::USB Host:Audio FS::1.0:USB_HOST_1_0_RESTRICTED_FS
2024-03-04 19:18:48,312 [WARN] ModelIntegratedComponent:182 - Modes not found for component STMicroelectronics:USB_HOST:1.0.0:STMicroelectronics:USB::USB Host:CDC FS::1.0:USB_HOST_1_0_RESTRICTED_FS
2024-03-04 19:18:48,312 [WARN] ModelIntegratedComponent:188 - Modes not found for component STMicroelectronics:USB_HOST:1.0.0:STMicroelectronics:USB::USB Host:CDC FS::1.0:USB_HOST_1_0_RESTRICTED_FS
2024-03-04 19:18:48,312 [WARN] ModelIntegratedComponent:182 - Modes not found for component STMicroelectronics:USB_HOST:1.0.0:STMicroelectronics:USB::USB Host:MSC FS::1.0:USB_HOST_1_0_RESTRICTED_FS
2024-03-04 19:18:48,312 [WARN] ModelIntegratedComponent:188 - Modes not found for component STMicroelectronics:USB_HOST:1.0.0:STMicroelectronics:USB::USB Host:MSC FS::1.0:USB_HOST_1_0_RESTRICTED_FS
2024-03-04 19:18:48,312 [WARN] ModelIntegratedComponent:182 - Modes not found for component STMicroelectronics:USB_HOST:1.0.0:STMicroelectronics:USB::USB Host:HID FS::1.0:USB_HOST_1_0_RESTRICTED_FS
2024-03-04 19:18:48,312 [WARN] ModelIntegratedComponent:188 - Modes not found for component STMicroelectronics:USB_HOST:1.0.0:STMicroelectronics:USB::USB Host:HID FS::1.0:USB_HOST_1_0_RESTRICTED_FS
2024-03-04 19:18:48,313 [WARN] ModelIntegratedComponent:182 - Modes not found for component STMicroelectronics:USB_HOST:1.0.0:STMicroelectronics:USB::USB Host:MTP FS::1.0:USB_HOST_1_0_RESTRICTED_FS
2024-03-04 19:18:48,313 [WARN] ModelIntegratedComponent:188 - Modes not found for component STMicroelectronics:USB_HOST:1.0.0:STMicroelectronics:USB::USB Host:MTP FS::1.0:USB_HOST_1_0_RESTRICTED_FS
2024-03-04 19:18:48,327 [WARN] ModelIntegratedComponent:63 - No mode defined for component null
2024-03-04 19:18:48,328 [WARN] ModelIntegratedComponent:63 - No mode defined for component null
2024-03-04 19:18:48,328 [WARN] ModelIntegratedComponent:63 - No mode defined for component null
2024-03-04 19:18:48,328 [WARN] ModelIntegratedComponent:63 - No mode defined for component null
2024-03-04 19:18:48,328 [WARN] ModelIntegratedComponent:63 - No mode defined for component null
2024-03-04 19:18:48,328 [WARN] ModelIntegratedComponent:63 - No mode defined for component null
2024-03-04 19:18:48,328 [WARN] ModelIntegratedComponent:63 - No mode defined for component null
2024-03-04 19:18:48,328 [WARN] ModelIntegratedComponent:63 - No mode defined for component null
2024-03-04 19:18:48,328 [WARN] ModelIntegratedComponent:63 - No mode defined for component null
2024-03-04 19:18:48,328 [WARN] ModelIntegratedComponent:63 - No mode defined for component null
2024-03-04 19:18:48,328 [WARN] ModelIntegratedComponent:63 - No mode defined for component null
2024-03-04 19:18:48,328 [WARN] ModelIntegratedComponent:63 - No mode defined for component null
2024-03-04 19:18:48,328 [WARN] ModelIntegratedComponent:63 - No mode defined for component null
2024-03-04 19:18:48,328 [WARN] ModelIntegratedComponent:63 - No mode defined for component null
2024-03-04 19:18:48,328 [WARN] ModelIntegratedComponent:63 - No mode defined for component null
2024-03-04 19:18:48,328 [WARN] ModelIntegratedComponent:63 - No mode defined for component null
2024-03-04 19:18:48,329 [WARN] ModelIntegratedComponent:63 - No mode defined for component null
2024-03-04 19:18:48,329 [WARN] ModelIntegratedComponent:63 - No mode defined for component null
2024-03-04 19:18:48,329 [WARN] ModelIntegratedComponent:63 - No mode defined for component null
2024-03-04 19:18:48,329 [WARN] ModelIntegratedComponent:63 - No mode defined for component null
2024-03-04 19:18:48,329 [WARN] ModelIntegratedComponent:63 - No mode defined for component null
2024-03-04 19:18:48,329 [WARN] ModelIntegratedComponent:63 - No mode defined for component null
2024-03-04 19:18:48,329 [WARN] ModelIntegratedComponent:63 - No mode defined for component null
2024-03-04 19:18:48,329 [WARN] ModelIntegratedComponent:63 - No mode defined for component null
2024-03-04 19:18:48,329 [WARN] ModelIntegratedComponent:63 - No mode defined for component null
2024-03-04 19:18:48,329 [WARN] ModelIntegratedComponent:63 - No mode defined for component null
2024-03-04 19:18:48,329 [WARN] ModelIntegratedComponent:63 - No mode defined for component null
2024-03-04 19:18:48,329 [WARN] ModelIntegratedComponent:63 - No mode defined for component null
2024-03-04 19:18:48,329 [WARN] ModelIntegratedComponent:63 - No mode defined for component null
2024-03-04 19:18:48,329 [WARN] ModelIntegratedComponent:63 - No mode defined for component null
2024-03-04 19:18:48,329 [WARN] ModelIntegratedComponent:63 - No mode defined for component null
2024-03-04 19:18:48,329 [WARN] ModelIntegratedComponent:63 - No mode defined for component null
2024-03-04 19:18:48,330 [WARN] ModelIntegratedComponent:63 - No mode defined for component null
2024-03-04 19:18:48,426 [WARN] ModelIntegratedComponent:182 - Modes not found for component STMicroelectronics:USB_DEVICE:1.0.0:STMicroelectronics:USB::USB Device:Audio FS::1.0:USB_DEVICE_1_0_RESTRICTED_FS
2024-03-04 19:18:48,426 [WARN] ModelIntegratedComponent:188 - Modes not found for component STMicroelectronics:USB_DEVICE:1.0.0:STMicroelectronics:USB::USB Device:Audio FS::1.0:USB_DEVICE_1_0_RESTRICTED_FS
2024-03-04 19:18:48,426 [WARN] ModelIntegratedComponent:182 - Modes not found for component STMicroelectronics:USB_DEVICE:1.0.0:STMicroelectronics:USB::USB Device:CDC FS::1.0:USB_DEVICE_1_0_RESTRICTED_FS
2024-03-04 19:18:48,426 [WARN] ModelIntegratedComponent:188 - Modes not found for component STMicroelectronics:USB_DEVICE:1.0.0:STMicroelectronics:USB::USB Device:CDC FS::1.0:USB_DEVICE_1_0_RESTRICTED_FS
2024-03-04 19:18:48,426 [WARN] ModelIntegratedComponent:182 - Modes not found for component STMicroelectronics:USB_DEVICE:1.0.0:STMicroelectronics:USB::USB Device:DFU FS::1.0:USB_DEVICE_1_0_RESTRICTED_FS
2024-03-04 19:18:48,426 [WARN] ModelIntegratedComponent:188 - Modes not found for component STMicroelectronics:USB_DEVICE:1.0.0:STMicroelectronics:USB::USB Device:DFU FS::1.0:USB_DEVICE_1_0_RESTRICTED_FS
2024-03-04 19:18:48,426 [WARN] ModelIntegratedComponent:182 - Modes not found for component STMicroelectronics:USB_DEVICE:1.0.0:STMicroelectronics:USB::USB Device:HID FS::1.0:USB_DEVICE_1_0_RESTRICTED_FS
2024-03-04 19:18:48,426 [WARN] ModelIntegratedComponent:188 - Modes not found for component STMicroelectronics:USB_DEVICE:1.0.0:STMicroelectronics:USB::USB Device:HID FS::1.0:USB_DEVICE_1_0_RESTRICTED_FS
2024-03-04 19:18:48,426 [WARN] ModelIntegratedComponent:182 - Modes not found for component STMicroelectronics:USB_DEVICE:1.0.0:STMicroelectronics:USB::USB Device:Custom HID FS::1.0:USB_DEVICE_1_0_RESTRICTED_FS
2024-03-04 19:18:48,427 [WARN] ModelIntegratedComponent:188 - Modes not found for component STMicroelectronics:USB_DEVICE:1.0.0:STMicroelectronics:USB::USB Device:Custom HID FS::1.0:USB_DEVICE_1_0_RESTRICTED_FS
2024-03-04 19:18:48,427 [WARN] ModelIntegratedComponent:182 - Modes not found for component STMicroelectronics:USB_DEVICE:1.0.0:STMicroelectronics:USB::USB Device:MSC FS::1.0:USB_DEVICE_1_0_RESTRICTED_FS
2024-03-04 19:18:48,427 [WARN] ModelIntegratedComponent:188 - Modes not found for component STMicroelectronics:USB_DEVICE:1.0.0:STMicroelectronics:USB::USB Device:MSC FS::1.0:USB_DEVICE_1_0_RESTRICTED_FS
2024-03-04 19:18:48,453 [INFO] ThirdPartyModel:298 - Start build external matchings
2024-03-04 19:18:49,243 [INFO] ThirdPartyModel:316 - End build external matchings
2024-03-04 19:18:49,274 [INFO] ImportTextPane:194 - (OptionalMessage_ERROR) IP (RCC) : Invalid parameter (FamilyName)
2024-03-04 19:18:49,274 [INFO] ImportTextPane:194 - (OptionalMessage_ERROR) IP (RCC) : Parameter (TraceFreq_Value) has invalid value (64000000)
2024-03-04 19:18:49,988 [INFO] UtilMem:75 - End LoadConfig() Used Memory: 200041152 Bytes (596639744)
2024-03-04 19:18:50,150 [INFO] ApiDb:581 - Connected to CubeFinder SQLite database (C:\Users\Soma\.stmcufinder\plugins\mcufinder\mcu\cube-finder-db.db)
2024-03-04 19:18:50,295 [INFO] ApiDb:668 - CubeFinder database Data Model version=2.1
2024-03-04 19:18:50,295 [INFO] ApiDb:669 - CubeFinder database Configuration version=3.0.39
2024-03-04 19:18:50,295 [INFO] ApiDb:670 - CubeFinder database generation date=2024-02-19 (1708350410)
2024-03-04 19:18:50,295 [INFO] ApiDb:671 - CubeFinder database FW Pack versions=[FP-ATR-ASTRA1_V2.0.0, FP-SNS-FLIGHT1_V5.0.1, FP-SNS-FLIGHT1_V5.0.2, FP-SNS-MOTENV1_V4.3.1, FP-SNS-MOTENV1_V4.3.2, FP-SNS-MOTENVWB1_V1.3.1, FP-SNS-SMARTAG2_V1.2.0, STM32Cube_FW_C0_V1.1.0, STM32Cube_FW_F4_V1.28.0, STM32Cube_FW_F7_V1.17.0, STM32Cube_FW_G0_V1.6.2, STM32Cube_FW_G4_V1.5.2, STM32Cube_FW_H5_V0.5.1, STM32Cube_FW_H5_V1.1.1, STM32Cube_FW_H5_V1.2.0RC2, STM32Cube_FW_H7_V1.11.0, STM32Cube_FW_L0_V1.12.2, STM32Cube_FW_L5_V1.5.0, STM32Cube_FW_U5_V1.3.0RC4, STM32Cube_FW_U5_V1.4.0, STM32Cube_FW_WBA_V1.0.0RC1, STM32Cube_FW_WBA_V1.1.0RC1, STM32Cube_FW_WBA_V1.2.0, STM32Cube_FW_WBA_V1.2.0RC2, STM32Cube_FW_WB_V1.15.0RC1, STM32Cube_FW_WB_V1.16.0, STM32Cube_FW_WB_V1.16.0RC2, STM32Cube_FW_WB_V1.18.0, STM32Cube_FW_WL_V1.3.0, X-CUBE-ALGOBUILD_V1.3.0, X-CUBE-ALS_V1.0.1, X-CUBE-AZRTOS-F4_V1.1.0, X-CUBE-AZRTOS-F7_V1.1.0, X-CUBE-AZRTOS-G0_V1.1.0, X-CUBE-AZRTOS-G4_V2.0.0, X-CUBE-AZRTOS-H7_V3.2.0, X-CUBE-AZRTOS-L4_V1.0.0, X-CUBE-AZRTOS-L4_V2.0.0, X-CUBE-AZRTOS-L5_V1.1.0, X-CUBE-AZRTOS-WB_V2.0.0, X-CUBE-AZRTOS-WL_V2.0.0, X-CUBE-BLE1_V7.0.0, X-CUBE-BLE2_V3.3.0, X-CUBE-BLEMGR_V3.0.0, X-CUBE-EEPRMA1_V4.1.0, X-CUBE-EEPRMA1_V5.1.0, X-CUBE-FREERTOS_V1.1.0, X-CUBE-GNSS1_V6.0.0, X-CUBE-MEMS1_V10.0.0, X-CUBE-MEMS1_V9.1.0, X-CUBE-MEMS1_V9.4.0, X-CUBE-MEMS1_V9.6.0, X-CUBE-NFC4_V3.0.0, X-CUBE-NFC7_V1.0.1, X-CUBE-SFXS2LP1_V4.0.0, X-CUBE-SUBG2_V5.0.0, X-CUBE-TOF1_V3.4.0]
2024-03-04 19:18:53,795 [INFO] ApiDb:240 - Found 371 in-development CPN: [B-G473E-ZEST1S, B-WB1M-WPAN1, B-WL5M-SUBG1, NUCLEO-C031C6, NUCLEO-H503RB, NUCLEO-H563ZI, NUCLEO-U545RE-Q, NUCLEO-U5A5ZJ-Q, NUCLEO-WBA52CG, NUCLEO-WBA55CG, STEVAL-MKBOXPRO, STEVAL-PROTEUS1, STEVAL-STWINBX1, STM320518-EVAL, STM32C0116-DK, STM32C011D6Y3TR, STM32C011D6Y6TR, STM32C011F4P3, STM32C011F4P6, STM32C011F4U3, STM32C011F4U6TR, STM32C011F6P3, STM32C011F6P6, STM32C011F6U3, STM32C011F6U6TR, STM32C011J4M3, STM32C011J4M6, STM32C011J6M3, STM32C011J6M6, STM32C0316-DK, STM32C031C4T3, STM32C031C4T6, STM32C031C4U3, STM32C031C4U6, STM32C031C6T3, STM32C031C6T6, STM32C031C6U3, STM32C031C6U6, STM32C031F4P3, STM32C031F4P6, STM32C031F6P3, STM32C031F6P6, STM32C031G4U3, STM32C031G4U6, STM32C031G6U3, STM32C031G6U6, STM32C031K4T3, STM32C031K4T6, STM32C031K4U3, STM32C031K4U6, STM32C031K6T3, STM32C031K6T6, STM32C031K6U3, STM32C031K6U6, STM32G071K8TXN, STM32G071K8UXN, STM32G081GBU6N, STM32G081KBT6N, STM32G081KBUXN, STM32G0B1CCT6N, STM32G0B1KCT6, STM32G0B1NEY6TR, STM32G0B1RCT6N, STM32G0C1CCT6, STM32G0C1CCT6N, STM32G0C1CCU6N, STM32G0C1CET6N, STM32G0C1CEU6N, STM32G0C1KCT6, STM32G0C1NEY6TR, STM32G0C1RCI6N, STM32G0C1RCT6N, STM32G0C1REI6N, STM32G0C1RET6N, STM32G0C1VCI6, STM32G0C1VEI6, STM32G471CCT6, STM32G471CCU6, STM32G471CET3, STM32G471CET6, STM32G471CEU3, STM32G471CEU6, STM32G471MCT6, STM32G471MET3, STM32G471MET6, STM32G471MEY6TR, STM32G471QCT6, STM32G471QET3, STM32G471RCT6, STM32G471RET3, STM32G471RET6, STM32G471VCH6, STM32G471VCI6, STM32G471VCT6, STM32G471VEH3, STM32G471VEH6, STM32G471VEI3, STM32G471VEI6, STM32G471VET3, STM32G471VET6, STM32G474CCT6, STM32H503CBT6, STM32H503CBU6, STM32H503EBY6TR, STM32H503KBU6, STM32H503RBT6, STM32H562AGI6, STM32H562AII6, STM32H562IGK6, STM32H562IGT6, STM32H562IIK6, STM32H562IIT6, STM32H562RGT6, STM32H562RGV6, STM32H562RIT6, STM32H562RIV6, STM32H562VGT6, STM32H562VIT6, STM32H562ZGT6, STM32H562ZIT6, STM32H563AGI6, STM32H563AII3Q, STM32H563AII6, STM32H563IGK6, STM32H563IGT6, STM32H563IIK3Q, STM32H563IIK6, STM32H563IIT3Q, STM32H563IIT6, STM32H563MIY3QTR, STM32H563RGT6, STM32H563RGV6, STM32H563RIT6, STM32H563RIV6, STM32H563VGT6, STM32H563VIT3Q, STM32H563VIT6, STM32H563ZGT6, STM32H563ZIT3Q, STM32H563ZIT6, STM32H573AII3Q, STM32H573AII6, STM32H573I-DK, STM32H573IIK3Q, STM32H573IIK6, STM32H573IIT3Q, STM32H573IIT6, STM32H573MIY3QTR, STM32H573RIT6, STM32H573RIV6, STM32H573VIT3Q, STM32H573VIT6, STM32H573ZIT3Q, STM32H573ZIT6, STM32L4R5QGI6STR, STM32MP131AAE3, STM32MP131AAF3, STM32MP131AAG3, STM32MP131CAE3, STM32MP131CAF3, STM32MP131CAG3, STM32MP131DAE7, STM32MP131DAF7, STM32MP131DAG7, STM32MP131FAE7, STM32MP131FAF7, STM32MP131FAG7, STM32MP133AAE3, STM32MP133AAF3, STM32MP133AAG3, STM32MP133CAE3, STM32MP133CAF3, STM32MP133CAG3, STM32MP133DAE7, STM32MP133DAF7, STM32MP133DAG7, STM32MP133FAE7, STM32MP133FAF7, STM32MP133FAG7, STM32MP135AAE3, STM32MP135AAF3, STM32MP135AAG3, STM32MP135CAE3, STM32MP135CAF3, STM32MP135CAG3, STM32MP135DAE7, STM32MP135DAF7, STM32MP135DAG7, STM32MP135F-DK, STM32MP135FAE7, STM32MP135FAF7, STM32MP135FAF7T, STM32MP135FAF7U, STM32MP135FAG7, STM32U535CBT6, STM32U535CBT6Q, STM32U535CBU6, STM32U535CBU6Q, STM32U535CCT6, STM32U535CCT6Q, STM32U535CCU6, STM32U535CCU6Q, STM32U535CET6, STM32U535CET6Q, STM32U535CEU6, STM32U535CEU6Q, STM32U535JEY6QTR, STM32U535NCY6QTR, STM32U535NEY6QTR, STM32U535RBI6, STM32U535RBI6Q, STM32U535RBT6, STM32U535RBT6Q, STM32U535RCI6, STM32U535RCI6Q, STM32U535RCT6, STM32U535RCT6Q, STM32U535REI6, STM32U535REI6Q, STM32U535RET6, STM32U535RET6Q, STM32U535VCI6, STM32U535VCI6Q, STM32U535VCT6, STM32U535VCT6Q, STM32U535VEI6, STM32U535VEI6Q, STM32U535VET6, STM32U535VET6Q, STM32U545CET6, STM32U545CET6Q, STM32U545CEU6, STM32U545CEU6Q, STM32U545JEY6QTR, STM32U545NEY6QTR, STM32U545REI6, STM32U545REI6Q, STM32U545RET6, STM32U545RET6Q, STM32U545VEI6, STM32U545VEI6Q, STM32U545VET6, STM32U545VET6Q, STM32U595AIH6, STM32U595AIH6Q, STM32U595AJH6, STM32U595AJH6Q, STM32U595QII6, STM32U595QII6Q, STM32U595QJI6, STM32U595QJI6Q, STM32U595RIT6, STM32U595RIT6Q, STM32U595RJT6, STM32U595RJT6Q, STM32U595VIT6, STM32U595VIT6Q, STM32U595VJT6, STM32U595VJT6Q, STM32U595ZIT6, STM32U595ZIT6Q, STM32U595ZIY6QTR, STM32U595ZJT6, STM32U595ZJT6Q, STM32U595ZJY6QTR, STM32U599BJY6QTR, STM32U599NIH6Q, STM32U599NJH6Q, STM32U599VIT6Q, STM32U599VJT6, STM32U599VJT6Q, STM32U599ZIT6Q, STM32U599ZIY6QTR, STM32U599ZJT6Q, STM32U599ZJY6QTR, STM32U5A5AJH6, STM32U5A5AJH6Q, STM32U5A5QJI6, STM32U5A5QJI6Q, STM32U5A5RJT6, STM32U5A5RJT6Q, STM32U5A5VJT6, STM32U5A5VJT6Q, STM32U5A5ZJT6, STM32U5A5ZJT6Q, STM32U5A5ZJY6QTR, STM32U5A9BJY6QTR, STM32U5A9J-DK, STM32U5A9NJH6Q, STM32U5A9VJT6Q, STM32U5A9ZJT6Q, STM32U5A9ZJY6QTR, STM32U5F7VIT6, STM32U5F7VIT6Q, STM32U5F7VJT6, STM32U5F7VJT6Q, STM32U5F9BJY6QTR, STM32U5F9NJH6Q, STM32U5F9VIT6Q, STM32U5F9VJT6Q, STM32U5F9ZIJ6QTR, STM32U5F9ZIT6Q, STM32U5F9ZJJ6QTR, STM32U5F9ZJT6Q, STM32U5G7VJT6, STM32U5G7VJT6Q, STM32U5G9BJY6QTR, STM32U5G9J-DK1, STM32U5G9J-DK2, STM32U5G9NJH6Q, STM32U5G9VJT6Q, STM32U5G9ZJJ6QTR, STM32U5G9ZJT6Q, STM32WB1MMCH6, STM32WBA50KEU6, STM32WBA50KEU6TR, STM32WBA50KGU6, STM32WBA50KGU6TR, STM32WBA52CEU6, STM32WBA52CEU6TR, STM32WBA52CEU7, STM32WBA52CEU7TR, STM32WBA52CGU6, STM32WBA52CGU6TR, STM32WBA52CGU6U, STM32WBA52CGU7, STM32WBA52CGU7TR, STM32WBA52KEU6, STM32WBA52KEU6TR, STM32WBA52KGU6, STM32WBA52KGU6TR, STM32WBA54CEU6, STM32WBA54CEU6TR, STM32WBA54CEU7, STM32WBA54CEU7TR, STM32WBA54CGU6, STM32WBA54CGU6TR, STM32WBA54CGU7, STM32WBA54CGU7TR, STM32WBA54KEU6, STM32WBA54KEU6TR, STM32WBA54KEU7, STM32WBA54KEU7TR, STM32WBA54KGU6, STM32WBA54KGU6TR, STM32WBA54KGU7, STM32WBA54KGU7TR, STM32WBA55CEU6, STM32WBA55CEU6TR, STM32WBA55CEU7, STM32WBA55CEU7TR, STM32WBA55CGU6, STM32WBA55CGU6TR, STM32WBA55CGU6U, STM32WBA55CGU7, STM32WBA55CGU7TR, STM32WBA55G-DK1, STM32WBA55HEF6, STM32WBA55HEF7, STM32WBA55HGF6, STM32WBA55HGF7, STM32WBA55UEI6, STM32WBA55UEI6TR, STM32WBA55UEI7, STM32WBA55UEI7TR, STM32WBA55UGI6, STM32WBA55UGI6TR, STM32WBA55UGI7, STM32WBA55UGI7TR, STM32WL5MOCH6, STM32WL5MOCH6TR]
2024-03-04 19:18:53,800 [INFO] DbMcus:218 - Found 3930 MCUs, 3930 are supported
2024-03-04 19:18:53,802 [INFO] ApiDb:423 - Load user favorites file C:\Users\Soma/.stm32cubeide/favorites.mcus.txt: 0 item(s)
2024-03-04 19:18:53,802 [INFO] ApiDb:427 - User favorites MCUs=[]
2024-03-04 19:18:53,803 [INFO] DbMcus:224 - Set 0 / 0 favorites MCUs
2024-03-04 19:18:54,275 [INFO] MicroXplorer:468 - Change Database Path : 
2024-03-04 19:18:54,275 [INFO] MicroXplorer:498 - Change Database Version : DB.6.0.100
2024-03-04 19:18:54,275 [WARN] ThirdParty:833 - waiting for thirdparty lock release [change project]
2024-03-04 19:18:54,276 [INFO] ThirdParty:835 - entering critical section [change project]
2024-03-04 19:18:54,276 [INFO] ThirdParty:1030 - CMSIS Pack Vendor :STMicroelectronics X-CUBE-ISPU 1.1.0
2024-03-04 19:18:54,276 [INFO] ThirdParty:1030 - CMSIS Pack Vendor :STMicroelectronics USBPD 4.1
2024-03-04 19:18:54,276 [INFO] ThirdParty:1030 - CMSIS Pack Vendor :STMicroelectronics X-CUBE-GNSS1 6.0.0
2024-03-04 19:18:54,276 [INFO] ThirdParty:1030 - CMSIS Pack Vendor :STMicroelectronics USB_HOST 2.0.0
2024-03-04 19:18:54,276 [INFO] ThirdParty:1030 - CMSIS Pack Vendor :STMicroelectronics X-CUBE-AZRTOS-F4 1.1.0
2024-03-04 19:18:54,276 [INFO] ThirdParty:1030 - CMSIS Pack Vendor :STMicroelectronics LIBJPEG 8.0.0
2024-03-04 19:18:54,276 [INFO] ThirdParty:1030 - CMSIS Pack Vendor :wolfSSL I-CUBE-wolfSSL 5.6.3
2024-03-04 19:18:54,276 [INFO] ThirdParty:1030 - CMSIS Pack Vendor :STMicroelectronics X-CUBE-SMBUS 2.1.0
2024-03-04 19:18:54,276 [INFO] ThirdParty:1030 - CMSIS Pack Vendor :STMicroelectronics USB_DEVICE 3.0.0
2024-03-04 19:18:54,276 [INFO] ThirdParty:1030 - CMSIS Pack Vendor :STMicroelectronics X-CUBE-AZRTOS-WB 2.0.0
2024-03-04 19:18:54,276 [INFO] ThirdParty:1030 - CMSIS Pack Vendor :STMicroelectronics X-CUBE-FREERTOS 1.0.1
2024-03-04 19:18:54,277 [INFO] ThirdParty:1030 - CMSIS Pack Vendor :STMicroelectronics X-CUBE-TOUCHGFX 4.23.0
2024-03-04 19:18:54,277 [INFO] ThirdParty:1030 - CMSIS Pack Vendor :STMicroelectronics X-CUBE-AZRTOS-F7 1.1.0
2024-03-04 19:18:54,277 [INFO] ThirdParty:1030 - CMSIS Pack Vendor :STMicroelectronics X-CUBE-AZRTOS-L5 2.0.0
2024-03-04 19:18:54,277 [INFO] ThirdParty:1030 - CMSIS Pack Vendor :STMicroelectronics USB_DEVICE 2.0.0
2024-03-04 19:18:54,277 [INFO] ThirdParty:1030 - CMSIS Pack Vendor :STMicroelectronics X-CUBE-MEMS1 9.6.0
2024-03-04 19:18:54,277 [INFO] ThirdParty:1030 - CMSIS Pack Vendor :ITTIA_DB I-CUBE-ITTIADB 8.8.0
2024-03-04 19:18:54,277 [INFO] ThirdParty:1030 - CMSIS Pack Vendor :STMicroelectronics FP-SNS-MOTENV1 4.3.2
2024-03-04 19:18:54,277 [INFO] ThirdParty:1030 - CMSIS Pack Vendor :STMicroelectronics X-CUBE-ALGOBUILD 1.3.0
2024-03-04 19:18:54,277 [INFO] ThirdParty:1030 - CMSIS Pack Vendor :STMicroelectronics X-CUBE-BLE1 6.2.4
2024-03-04 19:18:54,277 [INFO] ThirdParty:1030 - CMSIS Pack Vendor :STMicroelectronics X-CUBE-AZRTOS-L5 1.1.0
2024-03-04 19:18:54,277 [INFO] ThirdParty:1030 - CMSIS Pack Vendor :STMicroelectronics FreeRTOS 0.0.1
2024-03-04 19:18:54,277 [INFO] ThirdParty:1030 - CMSIS Pack Vendor :STMicroelectronics X-CUBE-AZRTOS-G0 1.1.0
2024-03-04 19:18:54,277 [INFO] ThirdParty:1030 - CMSIS Pack Vendor :STMicroelectronics X-CUBE-BLEMGR 2.0.0
2024-03-04 19:18:54,277 [INFO] ThirdParty:1030 - CMSIS Pack Vendor :STMicroelectronics X-CUBE-AI 8.0.1
2024-03-04 19:18:54,277 [INFO] ThirdParty:1030 - CMSIS Pack Vendor :STMicroelectronics X-CUBE-NFC4 3.0.0
2024-03-04 19:18:54,278 [INFO] ThirdParty:1030 - CMSIS Pack Vendor :STMicroelectronics X-CUBE-SUBG2 5.0.0
2024-03-04 19:18:54,278 [INFO] ThirdParty:1030 - CMSIS Pack Vendor :STMicroelectronics STM32_WPAN 1.0.0
2024-03-04 19:18:54,278 [INFO] ThirdParty:1030 - CMSIS Pack Vendor :STMicroelectronics lwIP 2.0.3
2024-03-04 19:18:54,278 [INFO] ThirdParty:1030 - CMSIS Pack Vendor :STMicroelectronics FP-SNS-FLIGHT1 5.0.2
2024-03-04 19:18:54,278 [INFO] ThirdParty:1030 - CMSIS Pack Vendor :STMicroelectronics USB_HOST 1.0.0
2024-03-04 19:18:54,278 [INFO] ThirdParty:1030 - CMSIS Pack Vendor :STMicroelectronics X-CUBE-TOF1 3.3.1
2024-03-04 19:18:54,278 [INFO] ThirdParty:1030 - CMSIS Pack Vendor :STMicroelectronics X-CUBE-AZRTOS-G4 2.0.0
2024-03-04 19:18:54,278 [INFO] ThirdParty:1030 - CMSIS Pack Vendor :STMicroelectronics PDM2PCM 3.1.0
2024-03-04 19:18:54,278 [INFO] ThirdParty:1030 - CMSIS Pack Vendor :STMicroelectronics X-CUBE-AZRTOS-H7 3.1.0
2024-03-04 19:18:54,278 [INFO] ThirdParty:1030 - CMSIS Pack Vendor :Infineon AIROC-Wi-Fi-Bluetooth-STM32 1.5.1
2024-03-04 19:18:54,278 [INFO] ThirdParty:1030 - CMSIS Pack Vendor :STMicroelectronics X-CUBE-BLEMGR 3.0.0
2024-03-04 19:18:54,278 [INFO] ThirdParty:1030 - CMSIS Pack Vendor :STMicroelectronics PDM2PCM 3.3.0
2024-03-04 19:18:54,278 [INFO] ThirdParty:1030 - CMSIS Pack Vendor :STMicroelectronics X-CUBE-DISPLAY 3.0.0
2024-03-04 19:18:54,278 [INFO] ThirdParty:1030 - CMSIS Pack Vendor :STMicroelectronics FP-SNS-MOTENVWB1 1.3.1
2024-03-04 19:18:54,278 [INFO] ThirdParty:1030 - CMSIS Pack Vendor :STMicroelectronics X-CUBE-BLE1 7.0.0
2024-03-04 19:18:54,278 [INFO] ThirdParty:1030 - CMSIS Pack Vendor :STMicroelectronics FP-ATR-SIGFOX1 3.2.0
2024-03-04 19:18:54,278 [INFO] ThirdParty:1030 - CMSIS Pack Vendor :STMicroelectronics X-CUBE-ISPU 2.0.0
2024-03-04 19:18:54,278 [INFO] ThirdParty:1030 - CMSIS Pack Vendor :STMicroelectronics X-CUBE-EEPRMA1 5.1.0
2024-03-04 19:18:54,278 [INFO] ThirdParty:1030 - CMSIS Pack Vendor :STMicroelectronics HAL Drivers 0.0.0
2024-03-04 19:18:54,278 [INFO] ThirdParty:1030 - CMSIS Pack Vendor :STMicroelectronics MBEDTLS 2.16.2
2024-03-04 19:18:54,278 [INFO] ThirdParty:1030 - CMSIS Pack Vendor :emotas I-CUBE-CANOPEN 1.3.0
2024-03-04 19:18:54,279 [INFO] ThirdParty:1030 - CMSIS Pack Vendor :STMicroelectronics X-CUBE-MEMS1 10.0.0
2024-03-04 19:18:54,279 [INFO] ThirdParty:1030 - CMSIS Pack Vendor :STMicroelectronics X-CUBE-FREERTOS 1.1.0
2024-03-04 19:18:54,279 [INFO] ThirdParty:1030 - CMSIS Pack Vendor :STMicroelectronics X-CUBE-TOUCHGFX 4.22.0
2024-03-04 19:18:54,279 [INFO] ThirdParty:1030 - CMSIS Pack Vendor :STMicroelectronics X-CUBE-NFC7 1.0.1
2024-03-04 19:18:54,279 [INFO] ThirdParty:1030 - CMSIS Pack Vendor :STMicroelectronics MBEDTLS 2.14.1
2024-03-04 19:18:54,279 [INFO] ThirdParty:1030 - CMSIS Pack Vendor :STMicroelectronics X-CUBE-NFC6 3.0.0
2024-03-04 19:18:54,279 [INFO] ThirdParty:1030 - CMSIS Pack Vendor :STMicroelectronics X-CUBE-EEPRMA1 4.1.0
2024-03-04 19:18:54,279 [INFO] ThirdParty:1030 - CMSIS Pack Vendor :portGmbH I-Cube-SoM-uGOAL 1.1.0
2024-03-04 19:18:54,279 [INFO] ThirdParty:1030 - CMSIS Pack Vendor :STMicroelectronics X-CUBE-ALS 1.0.1
2024-03-04 19:18:54,279 [INFO] ThirdParty:1030 - CMSIS Pack Vendor :STMicroelectronics X-CUBE-BLEMGR 3.1.0
2024-03-04 19:18:54,279 [INFO] ThirdParty:1030 - CMSIS Pack Vendor :STMicroelectronics ThreadX 1.0.0
2024-03-04 19:18:54,279 [INFO] ThirdParty:1030 - CMSIS Pack Vendor :STMicroelectronics FP-SNS-SMARTAG2 1.2.0
2024-03-04 19:18:54,279 [INFO] ThirdParty:1030 - CMSIS Pack Vendor :STMicroelectronics X-CUBE-AZRTOS-WB 1.1.0
2024-03-04 19:18:54,279 [INFO] ThirdParty:1030 - CMSIS Pack Vendor :STMicroelectronics X-CUBE-AZRTOS-WL 2.0.0
2024-03-04 19:18:54,279 [INFO] ThirdParty:1030 - CMSIS Pack Vendor :SEGGER I-CUBE-embOS 1.3.1
2024-03-04 19:18:54,279 [INFO] ThirdParty:1030 - CMSIS Pack Vendor :STMicroelectronics USB_DEVICE 1.0.0
2024-03-04 19:18:54,279 [INFO] ThirdParty:1030 - CMSIS Pack Vendor :STMicroelectronics X-CUBE-AI 8.1.0
2024-03-04 19:18:54,279 [INFO] ThirdParty:1030 - CMSIS Pack Vendor :STMicroelectronics X-CUBE-AZRTOS-L4 2.0.0
2024-03-04 19:18:54,279 [INFO] ThirdParty:1030 - CMSIS Pack Vendor :STMicroelectronics ThreadX 0.0.2
2024-03-04 19:18:54,279 [INFO] ThirdParty:1030 - CMSIS Pack Vendor :WES I-CUBE-Cesium 1.3.0
2024-03-04 19:18:54,279 [INFO] ThirdParty:1030 - CMSIS Pack Vendor :STMicroelectronics FP-ATR-ASTRA1 2.0.0
2024-03-04 19:18:54,279 [INFO] ThirdParty:1030 - CMSIS Pack Vendor :STMicroelectronics lwIP 2.1.2
2024-03-04 19:18:54,280 [INFO] ThirdParty:1030 - CMSIS Pack Vendor :STMicroelectronics X-CUBE-SFXS2LP1 4.0.0
2024-03-04 19:18:54,280 [INFO] ThirdParty:1030 - CMSIS Pack Vendor :STMicroelectronics X-CUBE-BLE2 3.3.0
2024-03-04 19:18:54,280 [INFO] ThirdParty:1030 - CMSIS Pack Vendor :STMicroelectronics X-CUBE-TOF1 3.4.0
2024-03-04 19:18:54,280 [INFO] ThirdParty:1030 - CMSIS Pack Vendor :STMicroelectronics X-CUBE-TOF1 3.4.1
2024-03-04 19:18:54,280 [INFO] ThirdParty:1030 - CMSIS Pack Vendor :STMicroelectronics X-CUBE-AZRTOS-H7 3.2.0
2024-03-04 19:18:54,280 [INFO] ThirdParty:1030 - CMSIS Pack Vendor :STMicroelectronics PDM2PCM 3.2.0
2024-03-04 19:18:54,280 [INFO] ThirdParty:841 - exiting critical section [change project]
2024-03-04 19:18:55,012 [INFO] PinOutPanel:1499 - setPackage(No Configuration,No Configuration)
2024-03-04 19:18:55,015 [INFO] PinOutPanel:1499 - setPackage(STM32H7A3ZITxQ,LQFP144)
2024-03-04 19:18:56,367 [INFO] UtilMem:75 - Before build in PCC Used Memory: 265347040 Bytes (596639744)
2024-03-04 19:18:58,061 [INFO] UtilMem:75 - After build in PCC Used Memory: 496556000 Bytes (596639744)
2024-03-04 19:18:58,224 [INFO] IPUIPlugin:80 - create IPUIPlugin
2024-03-04 19:18:58,224 [INFO] IPUIPlugin:80 - create IPUIPlugin
2024-03-04 19:18:58,224 [INFO] IPUIPlugin:80 - create IPUIPlugin
2024-03-04 19:18:58,224 [INFO] IPUIPlugin:80 - create IPUIPlugin
2024-03-04 19:18:58,224 [INFO] IPUIPlugin:80 - create IPUIPlugin
2024-03-04 19:18:58,224 [INFO] IPUIPlugin:80 - create IPUIPlugin
2024-03-04 19:18:58,225 [INFO] IPUIPlugin:80 - create IPUIPlugin
2024-03-04 19:18:58,225 [INFO] IPUIPlugin:80 - create IPUIPlugin
2024-03-04 19:18:58,225 [INFO] IPUIPlugin:80 - create IPUIPlugin
2024-03-04 19:18:58,226 [INFO] IPUIPlugin:80 - create IPUIPlugin
2024-03-04 19:18:58,226 [INFO] IPUIPlugin:80 - create IPUIPlugin
2024-03-04 19:18:58,226 [INFO] IPUIPlugin:80 - create IPUIPlugin
2024-03-04 19:18:58,226 [INFO] IPUIPlugin:80 - create IPUIPlugin
2024-03-04 19:18:58,226 [INFO] IPUIPlugin:80 - create IPUIPlugin
2024-03-04 19:18:58,226 [INFO] IPUIPlugin:80 - create IPUIPlugin
2024-03-04 19:18:58,227 [INFO] IPUIPlugin:80 - create IPUIPlugin
2024-03-04 19:18:58,227 [INFO] IPUIPlugin:80 - create IPUIPlugin
2024-03-04 19:18:58,227 [INFO] IPUIPlugin:80 - create IPUIPlugin
2024-03-04 19:18:58,227 [INFO] IPUIPlugin:80 - create IPUIPlugin
2024-03-04 19:18:58,227 [INFO] IPUIPlugin:80 - create IPUIPlugin
2024-03-04 19:18:58,227 [INFO] IPUIPlugin:80 - create IPUIPlugin
2024-03-04 19:18:58,227 [INFO] IPUIPlugin:80 - create IPUIPlugin
2024-03-04 19:18:58,228 [INFO] IPUIPlugin:80 - create IPUIPlugin
2024-03-04 19:18:58,228 [INFO] IPUIPlugin:80 - create IPUIPlugin
2024-03-04 19:18:58,228 [INFO] IPUIPlugin:80 - create IPUIPlugin
2024-03-04 19:18:58,229 [INFO] IPUIPlugin:80 - create IPUIPlugin
2024-03-04 19:18:58,229 [INFO] IPUIPlugin:80 - create IPUIPlugin
2024-03-04 19:18:58,229 [INFO] IPUIPlugin:80 - create IPUIPlugin
2024-03-04 19:18:58,229 [INFO] IPUIPlugin:80 - create IPUIPlugin
2024-03-04 19:18:58,230 [INFO] IPUIPlugin:80 - create IPUIPlugin
2024-03-04 19:18:58,230 [INFO] IPUIPlugin:80 - create IPUIPlugin
2024-03-04 19:18:58,230 [INFO] IPUIPlugin:80 - create IPUIPlugin
2024-03-04 19:18:58,230 [INFO] IPUIPlugin:80 - create IPUIPlugin
2024-03-04 19:18:58,232 [INFO] IPUIPlugin:80 - create IPUIPlugin
2024-03-04 19:18:58,233 [INFO] IPUIPlugin:80 - create IPUIPlugin
2024-03-04 19:18:58,234 [INFO] IPUIPlugin:80 - create IPUIPlugin
2024-03-04 19:18:58,234 [INFO] IPUIPlugin:80 - create IPUIPlugin
2024-03-04 19:18:58,234 [INFO] IPUIPlugin:80 - create IPUIPlugin
2024-03-04 19:18:58,235 [INFO] IPUIPlugin:80 - create IPUIPlugin
2024-03-04 19:18:58,235 [INFO] IPUIPlugin:80 - create IPUIPlugin
2024-03-04 19:18:58,235 [INFO] IPUIPlugin:80 - create IPUIPlugin
2024-03-04 19:18:58,236 [INFO] IPUIPlugin:80 - create IPUIPlugin
2024-03-04 19:18:58,236 [INFO] IPUIPlugin:80 - create IPUIPlugin
2024-03-04 19:18:58,236 [INFO] IPUIPlugin:80 - create IPUIPlugin
2024-03-04 19:18:58,236 [INFO] IPUIPlugin:80 - create IPUIPlugin
2024-03-04 19:18:58,237 [INFO] IPUIPlugin:80 - create IPUIPlugin
2024-03-04 19:18:58,237 [INFO] IPUIPlugin:80 - create IPUIPlugin
2024-03-04 19:18:58,238 [INFO] IPUIPlugin:80 - create IPUIPlugin
2024-03-04 19:18:58,238 [INFO] IPUIPlugin:80 - create IPUIPlugin
2024-03-04 19:18:58,238 [INFO] IPUIPlugin:80 - create IPUIPlugin
2024-03-04 19:18:58,238 [INFO] IPUIPlugin:80 - create IPUIPlugin
2024-03-04 19:18:58,239 [INFO] IPUIPlugin:80 - create IPUIPlugin
2024-03-04 19:18:58,239 [INFO] IPUIPlugin:80 - create IPUIPlugin
2024-03-04 19:18:58,240 [INFO] IPUIPlugin:80 - create IPUIPlugin
2024-03-04 19:18:58,240 [INFO] IPUIPlugin:80 - create IPUIPlugin
2024-03-04 19:18:58,240 [INFO] IPUIPlugin:80 - create IPUIPlugin
2024-03-04 19:18:58,241 [INFO] IPUIPlugin:80 - create IPUIPlugin
2024-03-04 19:18:58,241 [INFO] IPUIPlugin:80 - create IPUIPlugin
2024-03-04 19:18:58,241 [INFO] IPUIPlugin:80 - create IPUIPlugin
2024-03-04 19:18:58,241 [INFO] IPUIPlugin:80 - create IPUIPlugin
2024-03-04 19:18:58,243 [INFO] IPUIPlugin:80 - create IPUIPlugin
2024-03-04 19:18:58,243 [INFO] IPUIPlugin:80 - create IPUIPlugin
2024-03-04 19:18:58,243 [INFO] IPUIPlugin:80 - create IPUIPlugin
2024-03-04 19:18:58,244 [INFO] IPUIPlugin:80 - create IPUIPlugin
2024-03-04 19:18:58,244 [INFO] IPUIPlugin:80 - create IPUIPlugin
2024-03-04 19:18:58,244 [INFO] IPUIPlugin:80 - create IPUIPlugin
2024-03-04 19:18:58,245 [INFO] IPUIPlugin:80 - create IPUIPlugin
2024-03-04 19:18:58,245 [INFO] IPUIPlugin:80 - create IPUIPlugin
2024-03-04 19:18:58,246 [INFO] IPUIPlugin:80 - create IPUIPlugin
2024-03-04 19:18:58,246 [INFO] IPUIPlugin:80 - create IPUIPlugin
2024-03-04 19:18:58,247 [INFO] IPUIPlugin:80 - create IPUIPlugin
2024-03-04 19:18:58,247 [INFO] IPUIPlugin:80 - create IPUIPlugin
2024-03-04 19:18:58,247 [INFO] IPUIPlugin:80 - create IPUIPlugin
2024-03-04 19:18:58,248 [INFO] IPUIPlugin:80 - create IPUIPlugin
2024-03-04 19:18:58,250 [INFO] IPUIPlugin:80 - create IPUIPlugin
2024-03-04 19:18:58,250 [INFO] IPUIPlugin:80 - create IPUIPlugin
2024-03-04 19:18:58,251 [INFO] IPUIPlugin:80 - create IPUIPlugin
2024-03-04 19:18:58,251 [INFO] IPUIPlugin:80 - create IPUIPlugin
2024-03-04 19:18:58,251 [INFO] IPUIPlugin:80 - create IPUIPlugin
2024-03-04 19:18:58,253 [INFO] IPUIPlugin:80 - create IPUIPlugin
2024-03-04 19:18:58,254 [INFO] IPUIPlugin:80 - create IPUIPlugin
2024-03-04 19:18:58,255 [INFO] IPUIPlugin:80 - create IPUIPlugin
2024-03-04 19:18:58,256 [INFO] IPUIPlugin:80 - create IPUIPlugin
2024-03-04 19:18:58,256 [INFO] IPUIPlugin:80 - create IPUIPlugin
2024-03-04 19:18:58,257 [INFO] IPUIPlugin:80 - create IPUIPlugin
2024-03-04 19:18:58,258 [INFO] IPUIPlugin:80 - create IPUIPlugin
2024-03-04 19:18:58,259 [INFO] IPUIPlugin:80 - create IPUIPlugin
2024-03-04 19:18:58,259 [INFO] IPUIPlugin:80 - create IPUIPlugin
2024-03-04 19:18:58,260 [INFO] IPUIPlugin:80 - create IPUIPlugin
2024-03-04 19:18:58,262 [INFO] IPUIPlugin:80 - create IPUIPlugin
2024-03-04 19:18:58,263 [INFO] IPUIPlugin:80 - create IPUIPlugin
2024-03-04 19:18:58,264 [INFO] IPUIPlugin:80 - create IPUIPlugin
2024-03-04 19:18:58,266 [INFO] IPUIPlugin:80 - create IPUIPlugin
2024-03-04 19:18:58,268 [INFO] IPUIPlugin:80 - create IPUIPlugin
2024-03-04 19:18:58,269 [INFO] IPUIPlugin:80 - create IPUIPlugin
2024-03-04 19:18:58,270 [INFO] IPUIPlugin:80 - create IPUIPlugin
2024-03-04 19:18:58,271 [INFO] IPUIPlugin:80 - create IPUIPlugin
2024-03-04 19:18:58,271 [INFO] IPUIPlugin:80 - create IPUIPlugin
2024-03-04 19:18:58,273 [INFO] IPUIPlugin:80 - create IPUIPlugin
2024-03-04 19:18:58,407 [INFO] ApiDbMcu:508 - Load IP Config File for PDM2PCM
2024-03-04 19:18:58,928 [INFO] CADModel:165 - CPN selected for project levelSTM32H7A3ZIT6Q
2024-03-04 19:18:58,928 [INFO] CADModel:114 - Register for checkConnection events
2024-03-04 19:18:58,994 [INFO] OpenFileManager:343 - Restore cursor
2024-03-04 19:19:00,303 [ERROR] LogOutputStream:75 - [STDERR_REDIRECT] SLF4J: Failed to load class "org.slf4j.impl.StaticLoggerBinder".
2024-03-04 19:19:00,307 [ERROR] LogOutputStream:75 - [STDERR_REDIRECT] SLF4J: Defaulting to no-operation (NOP) logger implementation
2024-03-04 19:19:00,311 [ERROR] LogOutputStream:75 - [STDERR_REDIRECT] SLF4J: See http://www.slf4j.org/codes.html#StaticLoggerBinder for further details.
2024-03-04 19:19:22,233 [INFO] NvicIntPanel:101 - NVIC parent = com.st.microxplorer.plugins.ip.nvic.MultiNvicIntPanel[,0,0,0x0,invalid,layout=javax.swing.BoxLayout,alignmentX=0.0,alignmentY=0.0,border=,flags=9,maximumSize=,minimumSize=,preferredSize=]
2024-03-04 19:19:24,729 [INFO] UtilMem:75 - End SaveConfig() Used Memory: 843514680 Bytes (1073741824)
2024-03-04 19:19:29,273 [INFO] UtilMem:75 - End SaveConfig() Used Memory: 658842880 Bytes (1073741824)
2024-03-04 19:19:30,108 [INFO] BlockDiagram:2759 - set Specific Code input for plugin: USB_OTG_HS
2024-03-04 19:19:30,108 [INFO] BlockDiagram:2759 - set Specific Code input for plugin: RCC
2024-03-04 19:19:30,108 [INFO] BlockDiagram:2759 - set Specific Code input for plugin: USART
2024-03-04 19:19:30,108 [INFO] BlockDiagram:2759 - set Specific Code input for plugin: SYS
2024-03-04 19:19:30,108 [INFO] BlockDiagram:2759 - set Specific Code input for plugin: NVIC
2024-03-04 19:19:30,109 [INFO] BlockDiagram:2759 - set Specific Code input for plugin: GPIO
2024-03-04 19:19:30,112 [INFO] CodeGenerator:807 - code generatio: config db path: C:\ST\STM32CubeIDE_1.14.1\STM32CubeIDE\plugins\com.st.stm32cube.common.mx_6.10.0.202311202037\\db\
2024-03-04 19:19:30,539 [INFO] CodeEngine:255 - oldGeneratedFile, C:\Users\Soma\OneDrive\Villamosmernok\Projektek\PCB_design_project\pcb-design-project\STM32_protobuf\STM32_protobuf\MXTmpFiles\license.tmp_save
2024-03-04 19:19:30,953 [INFO] CodeEngine:279 - Generated code: C:\Users\Soma\OneDrive\Villamosmernok\Projektek\PCB_design_project\pcb-design-project\STM32_protobuf\STM32_protobuf\MXTmpFiles\license.tmp
2024-03-04 19:19:31,068 [INFO] CodeEngine:255 - oldGeneratedFile, C:\Users\Soma\OneDrive\Villamosmernok\Projektek\PCB_design_project\pcb-design-project\STM32_protobuf\STM32_protobuf\MXTmpFiles\gpio.tmp_save
2024-03-04 19:19:31,202 [INFO] CodeEngine:279 - Generated code: C:\Users\Soma\OneDrive\Villamosmernok\Projektek\PCB_design_project\pcb-design-project\STM32_protobuf\STM32_protobuf\MXTmpFiles\gpio.tmp
2024-03-04 19:19:31,733 [WARN] IPConfigManager:99 - WARNING: Missing Config File for USB ip!!
2024-03-04 19:19:31,833 [INFO] CodeEngine:255 - oldGeneratedFile, C:\Users\Soma\OneDrive\Villamosmernok\Projektek\PCB_design_project\pcb-design-project\STM32_protobuf\STM32_protobuf\MXTmpFiles\cortex.tmp_save
2024-03-04 19:19:31,951 [INFO] CodeEngine:279 - Generated code: C:\Users\Soma\OneDrive\Villamosmernok\Projektek\PCB_design_project\pcb-design-project\STM32_protobuf\STM32_protobuf\MXTmpFiles\cortex.tmp
2024-03-04 19:19:31,991 [INFO] CodeEngine:255 - oldGeneratedFile, C:\Users\Soma\OneDrive\Villamosmernok\Projektek\PCB_design_project\pcb-design-project\STM32_protobuf\STM32_protobuf\Core\Src\stm32h7xx_it.c_save
2024-03-04 19:19:32,167 [INFO] CodeEngine:279 - Generated code: C:\Users\Soma\OneDrive\Villamosmernok\Projektek\PCB_design_project\pcb-design-project\STM32_protobuf\STM32_protobuf\Core\Src\stm32h7xx_it.c
2024-03-04 19:19:32,181 [INFO] CodeEngine:255 - oldGeneratedFile, C:\Users\Soma\OneDrive\Villamosmernok\Projektek\PCB_design_project\pcb-design-project\STM32_protobuf\STM32_protobuf\Core\Inc\stm32h7xx_it.h_save
2024-03-04 19:19:32,329 [INFO] CodeEngine:279 - Generated code: C:\Users\Soma\OneDrive\Villamosmernok\Projektek\PCB_design_project\pcb-design-project\STM32_protobuf\STM32_protobuf\Core\Inc\stm32h7xx_it.h
2024-03-04 19:19:32,545 [INFO] CodeEngine:255 - oldGeneratedFile, C:\Users\Soma\OneDrive\Villamosmernok\Projektek\PCB_design_project\pcb-design-project\STM32_protobuf\STM32_protobuf\Core\Src\stm32h7xx_hal_msp.c_save
2024-03-04 19:19:32,755 [INFO] CodeEngine:279 - Generated code: C:\Users\Soma\OneDrive\Villamosmernok\Projektek\PCB_design_project\pcb-design-project\STM32_protobuf\STM32_protobuf\Core\Src\stm32h7xx_hal_msp.c
2024-03-04 19:19:32,767 [INFO] CodeEngine:255 - oldGeneratedFile, C:\Users\Soma\OneDrive\Villamosmernok\Projektek\PCB_design_project\pcb-design-project\STM32_protobuf\STM32_protobuf\MXTmpFiles\system.tmp_save
2024-03-04 19:19:32,890 [INFO] CodeEngine:279 - Generated code: C:\Users\Soma\OneDrive\Villamosmernok\Projektek\PCB_design_project\pcb-design-project\STM32_protobuf\STM32_protobuf\MXTmpFiles\system.tmp
2024-03-04 19:19:32,916 [INFO] CodeEngine:311 - oldGeneratedFile, C:\Users\Soma\OneDrive\Villamosmernok\Projektek\PCB_design_project\pcb-design-project\STM32_protobuf\STM32_protobuf\Core\Inc\stm32h7xx_hal_conf.h_save
2024-03-04 19:19:33,057 [INFO] CodeEngine:335 - Generated code: C:\Users\Soma\OneDrive\Villamosmernok\Projektek\PCB_design_project\pcb-design-project\STM32_protobuf\STM32_protobuf\Core\Inc\stm32h7xx_hal_conf.h
2024-03-04 19:19:33,182 [WARN] IPConfigManager:3440 - IP not found : USB_OTG
2024-03-04 19:19:33,184 [WARN] CodeGenerator:3939 - IP not found : null
2024-03-04 19:19:33,203 [INFO] CodeEngine:255 - oldGeneratedFile, C:\Users\Soma\OneDrive\Villamosmernok\Projektek\PCB_design_project\pcb-design-project\STM32_protobuf\STM32_protobuf\Core\Inc\main.h_save
2024-03-04 19:19:33,335 [INFO] CodeEngine:279 - Generated code: C:\Users\Soma\OneDrive\Villamosmernok\Projektek\PCB_design_project\pcb-design-project\STM32_protobuf\STM32_protobuf\Core\Inc\main.h
2024-03-04 19:19:33,349 [INFO] CodeEngine:255 - oldGeneratedFile, C:\Users\Soma\OneDrive\Villamosmernok\Projektek\PCB_design_project\pcb-design-project\STM32_protobuf\STM32_protobuf\Core\Src\main.c_save
2024-03-04 19:19:33,557 [INFO] CodeEngine:279 - Generated code: C:\Users\Soma\OneDrive\Villamosmernok\Projektek\PCB_design_project\pcb-design-project\STM32_protobuf\STM32_protobuf\Core\Src\main.c
2024-03-04 19:19:34,637 [INFO] ProjectBuilder:3076 - Time for Copy HAL[1] : 552mS.
2024-03-04 19:19:34,652 [INFO] ProjectBuilder:4485 - Project Generator version: 4.2.0-B44
2024-03-04 19:19:35,061 [INFO] ConfigFileManager:1495 - The Die is : DIE480
2024-03-04 19:19:35,084 [INFO] ApiDbMcu:508 - Load IP Config File for FATFS
2024-03-04 19:19:35,125 [INFO] ApiDbMcu:508 - Load IP Config File for FREERTOS
2024-03-04 19:19:35,134 [INFO] ApiDbMcu:508 - Load IP Config File for LIBJPEG
2024-03-04 19:19:35,197 [INFO] ApiDbMcu:508 - Load IP Config File for MBEDTLS
2024-03-04 19:19:35,256 [INFO] ApiDbMcu:508 - Load IP Config File for USB_DEVICE
2024-03-04 19:19:35,270 [INFO] ApiDbMcu:508 - Load IP Config File for USB_HOST
2024-03-04 19:19:36,708 [INFO] LogOutputStream:77 - [STDOUT_REDIRECT] 
2024-03-04 19:19:39,004 [INFO] ProjectBuilder:4747 - Time for Generating toolchain IDE Files: 4352mS.
2024-03-04 19:19:39,006 [INFO] ProjectBuilder:2947 - Time for Copy CMSIS : 0mS.
2024-03-04 19:19:39,012 [INFO] ProjectBuilder:2947 - Time for Copy CMSIS : 0mS.
2024-03-04 22:01:22,133 [ERROR] LogOutputStream:75 - [STDERR_REDIRECT] 
